[2022-01-20 14:18:18] laravel.EMERGENCY: Unable to create configured logger. Using emergency logger. {"exception":"[object] (InvalidArgumentException(code: 0): Log [] is not defined. at E:\\php\\jframework\\vendor\\illuminate\\log\\LogManager.php:200)
[stacktrace]
#0 E:\\php\\jframework\\vendor\\illuminate\\log\\LogManager.php(125): Illuminate\\Log\\LogManager->resolve(NULL, NULL)
#1 E:\\php\\jframework\\vendor\\illuminate\\log\\LogManager.php(112): Illuminate\\Log\\LogManager->get(NULL)
#2 E:\\php\\jframework\\vendor\\illuminate\\log\\LogManager.php(590): Illuminate\\Log\\LogManager->driver()
#3 E:\\php\\jframework\\jframework\\Lumen\\Exceptions\\Handler.php(58): Illuminate\\Log\\LogManager->error('Database connec...', Array)
#4 E:\\php\\jframework\\app\\Exceptions\\Handler.php(38): Laravel\\Lumen\\Exceptions\\Handler->report(Object(InvalidArgumentException))
#5 E:\\php\\jframework\\jframework\\Lumen\\Concerns\\RegistersExceptionHandlers.php(185): App\\Exceptions\\Handler->report(Object(InvalidArgumentException))
#6 E:\\php\\jframework\\jframework\\Lumen\\Concerns\\RoutesRequests.php(177): Laravel\\Lumen\\Application->sendExceptionToHandler(Object(InvalidArgumentException))
#7 E:\\php\\jframework\\jframework\\Lumen\\Concerns\\RoutesRequests.php(112): Laravel\\Lumen\\Application->dispatch(NULL)
#8 E:\\php\\jframework\\public\\index.php(28): Laravel\\Lumen\\Application->run()
#9 {main}
"} 
[2022-01-20 14:18:18] laravel.ERROR: Database connection [] not configured. {"exception":"[object] (InvalidArgumentException(code: 0): Database connection [] not configured. at E:\\php\\jframework\\vendor\\illuminate\\database\\DatabaseManager.php:161)
[stacktrace]
#0 E:\\php\\jframework\\vendor\\illuminate\\database\\DatabaseManager.php(124): Illuminate\\Database\\DatabaseManager->configuration(NULL)
#1 E:\\php\\jframework\\vendor\\illuminate\\database\\DatabaseManager.php(95): Illuminate\\Database\\DatabaseManager->makeConnection(NULL)
#2 E:\\php\\jframework\\vendor\\illuminate\\database\\DatabaseManager.php(442): Illuminate\\Database\\DatabaseManager->connection()
#3 E:\\php\\jframework\\vendor\\illuminate\\support\\Facades\\Facade.php(261): Illuminate\\Database\\DatabaseManager->__call('select', Array)
#4 E:\\php\\jframework\\app\\Services\\UserService.php(10): Illuminate\\Support\\Facades\\Facade::__callStatic('select', Array)
#5 E:\\php\\jframework\\app\\Controllers\\HomeController.php(25): App\\Services\\UserService->listUser()
#6 E:\\php\\jframework\\vendor\\illuminate\\container\\BoundMethod.php(36): App\\Controllers\\HomeController->list()
#7 E:\\php\\jframework\\vendor\\illuminate\\container\\Util.php(40): Illuminate\\Container\\BoundMethod::Illuminate\\Container\\{closure}()
#8 E:\\php\\jframework\\vendor\\illuminate\\container\\BoundMethod.php(93): Illuminate\\Container\\Util::unwrapIfClosure(Object(Closure))
#9 E:\\php\\jframework\\vendor\\illuminate\\container\\BoundMethod.php(37): Illuminate\\Container\\BoundMethod::callBoundMethod(Object(Laravel\\Lumen\\Application), Array, Object(Closure))
#10 E:\\php\\jframework\\vendor\\illuminate\\container\\Container.php(653): Illuminate\\Container\\BoundMethod::call(Object(Laravel\\Lumen\\Application), Array, Array, NULL)
#11 E:\\php\\jframework\\jframework\\Lumen\\Concerns\\RoutesRequests.php(389): Illuminate\\Container\\Container->call(Array, Array)
#12 E:\\php\\jframework\\jframework\\Lumen\\Concerns\\RoutesRequests.php(355): Laravel\\Lumen\\Application->callControllerCallable(Array, Array)
#13 E:\\php\\jframework\\jframework\\Lumen\\Concerns\\RoutesRequests.php(329): Laravel\\Lumen\\Application->callLumenController(Object(App\\Controllers\\HomeController), 'list', Array)
#14 E:\\php\\jframework\\jframework\\Lumen\\Concerns\\RoutesRequests.php(282): Laravel\\Lumen\\Application->callControllerAction(Array)
#15 E:\\php\\jframework\\jframework\\Lumen\\Concerns\\RoutesRequests.php(267): Laravel\\Lumen\\Application->callActionOnArrayBasedRoute(Array)
#16 E:\\php\\jframework\\jframework\\Lumen\\Concerns\\RoutesRequests.php(169): Laravel\\Lumen\\Application->handleFoundRoute(Array)
#17 E:\\php\\jframework\\jframework\\Lumen\\Concerns\\RoutesRequests.php(429): Laravel\\Lumen\\Application->Laravel\\Lumen\\Concerns\\{closure}(Object(Laravel\\Lumen\\Http\\Request))
#18 E:\\php\\jframework\\jframework\\Lumen\\Concerns\\RoutesRequests.php(175): Laravel\\Lumen\\Application->sendThroughPipeline(Array, Object(Closure))
#19 E:\\php\\jframework\\jframework\\Lumen\\Concerns\\RoutesRequests.php(112): Laravel\\Lumen\\Application->dispatch(NULL)
#20 E:\\php\\jframework\\public\\index.php(28): Laravel\\Lumen\\Application->run()
#21 {main}
"} 
[2022-01-20 14:18:44] laravel.EMERGENCY: Unable to create configured logger. Using emergency logger. {"exception":"[object] (InvalidArgumentException(code: 0): Log [] is not defined. at E:\\php\\jframework\\vendor\\illuminate\\log\\LogManager.php:200)
[stacktrace]
#0 E:\\php\\jframework\\vendor\\illuminate\\log\\LogManager.php(125): Illuminate\\Log\\LogManager->resolve(NULL, NULL)
#1 E:\\php\\jframework\\vendor\\illuminate\\log\\LogManager.php(112): Illuminate\\Log\\LogManager->get(NULL)
#2 E:\\php\\jframework\\vendor\\illuminate\\log\\LogManager.php(590): Illuminate\\Log\\LogManager->driver()
#3 E:\\php\\jframework\\jframework\\Lumen\\Exceptions\\Handler.php(58): Illuminate\\Log\\LogManager->error('Database connec...', Array)
#4 E:\\php\\jframework\\app\\Exceptions\\Handler.php(38): Laravel\\Lumen\\Exceptions\\Handler->report(Object(InvalidArgumentException))
#5 E:\\php\\jframework\\jframework\\Lumen\\Concerns\\RegistersExceptionHandlers.php(185): App\\Exceptions\\Handler->report(Object(InvalidArgumentException))
#6 E:\\php\\jframework\\jframework\\Lumen\\Concerns\\RoutesRequests.php(177): Laravel\\Lumen\\Application->sendExceptionToHandler(Object(InvalidArgumentException))
#7 E:\\php\\jframework\\jframework\\Lumen\\Concerns\\RoutesRequests.php(112): Laravel\\Lumen\\Application->dispatch(NULL)
#8 E:\\php\\jframework\\public\\index.php(28): Laravel\\Lumen\\Application->run()
#9 {main}
"} 
[2022-01-20 14:18:44] laravel.ERROR: Database connection [] not configured. {"exception":"[object] (InvalidArgumentException(code: 0): Database connection [] not configured. at E:\\php\\jframework\\vendor\\illuminate\\database\\DatabaseManager.php:161)
[stacktrace]
#0 E:\\php\\jframework\\vendor\\illuminate\\database\\DatabaseManager.php(124): Illuminate\\Database\\DatabaseManager->configuration(NULL)
#1 E:\\php\\jframework\\vendor\\illuminate\\database\\DatabaseManager.php(95): Illuminate\\Database\\DatabaseManager->makeConnection(NULL)
#2 E:\\php\\jframework\\vendor\\illuminate\\database\\DatabaseManager.php(442): Illuminate\\Database\\DatabaseManager->connection()
#3 E:\\php\\jframework\\vendor\\illuminate\\support\\Facades\\Facade.php(261): Illuminate\\Database\\DatabaseManager->__call('select', Array)
#4 E:\\php\\jframework\\app\\Services\\UserService.php(10): Illuminate\\Support\\Facades\\Facade::__callStatic('select', Array)
#5 E:\\php\\jframework\\app\\Controllers\\HomeController.php(25): App\\Services\\UserService->listUser()
#6 E:\\php\\jframework\\vendor\\illuminate\\container\\BoundMethod.php(36): App\\Controllers\\HomeController->list()
#7 E:\\php\\jframework\\vendor\\illuminate\\container\\Util.php(40): Illuminate\\Container\\BoundMethod::Illuminate\\Container\\{closure}()
#8 E:\\php\\jframework\\vendor\\illuminate\\container\\BoundMethod.php(93): Illuminate\\Container\\Util::unwrapIfClosure(Object(Closure))
#9 E:\\php\\jframework\\vendor\\illuminate\\container\\BoundMethod.php(37): Illuminate\\Container\\BoundMethod::callBoundMethod(Object(Laravel\\Lumen\\Application), Array, Object(Closure))
#10 E:\\php\\jframework\\vendor\\illuminate\\container\\Container.php(653): Illuminate\\Container\\BoundMethod::call(Object(Laravel\\Lumen\\Application), Array, Array, NULL)
#11 E:\\php\\jframework\\jframework\\Lumen\\Concerns\\RoutesRequests.php(389): Illuminate\\Container\\Container->call(Array, Array)
#12 E:\\php\\jframework\\jframework\\Lumen\\Concerns\\RoutesRequests.php(355): Laravel\\Lumen\\Application->callControllerCallable(Array, Array)
#13 E:\\php\\jframework\\jframework\\Lumen\\Concerns\\RoutesRequests.php(329): Laravel\\Lumen\\Application->callLumenController(Object(App\\Controllers\\HomeController), 'list', Array)
#14 E:\\php\\jframework\\jframework\\Lumen\\Concerns\\RoutesRequests.php(282): Laravel\\Lumen\\Application->callControllerAction(Array)
#15 E:\\php\\jframework\\jframework\\Lumen\\Concerns\\RoutesRequests.php(267): Laravel\\Lumen\\Application->callActionOnArrayBasedRoute(Array)
#16 E:\\php\\jframework\\jframework\\Lumen\\Concerns\\RoutesRequests.php(169): Laravel\\Lumen\\Application->handleFoundRoute(Array)
#17 E:\\php\\jframework\\jframework\\Lumen\\Concerns\\RoutesRequests.php(429): Laravel\\Lumen\\Application->Laravel\\Lumen\\Concerns\\{closure}(Object(Laravel\\Lumen\\Http\\Request))
#18 E:\\php\\jframework\\jframework\\Lumen\\Concerns\\RoutesRequests.php(175): Laravel\\Lumen\\Application->sendThroughPipeline(Array, Object(Closure))
#19 E:\\php\\jframework\\jframework\\Lumen\\Concerns\\RoutesRequests.php(112): Laravel\\Lumen\\Application->dispatch(NULL)
#20 E:\\php\\jframework\\public\\index.php(28): Laravel\\Lumen\\Application->run()
#21 {main}
"} 
[2022-01-20 14:18:45] laravel.EMERGENCY: Unable to create configured logger. Using emergency logger. {"exception":"[object] (InvalidArgumentException(code: 0): Log [] is not defined. at E:\\php\\jframework\\vendor\\illuminate\\log\\LogManager.php:200)
[stacktrace]
#0 E:\\php\\jframework\\vendor\\illuminate\\log\\LogManager.php(125): Illuminate\\Log\\LogManager->resolve(NULL, NULL)
#1 E:\\php\\jframework\\vendor\\illuminate\\log\\LogManager.php(112): Illuminate\\Log\\LogManager->get(NULL)
#2 E:\\php\\jframework\\vendor\\illuminate\\log\\LogManager.php(590): Illuminate\\Log\\LogManager->driver()
#3 E:\\php\\jframework\\jframework\\Lumen\\Exceptions\\Handler.php(58): Illuminate\\Log\\LogManager->error('Database connec...', Array)
#4 E:\\php\\jframework\\app\\Exceptions\\Handler.php(38): Laravel\\Lumen\\Exceptions\\Handler->report(Object(InvalidArgumentException))
#5 E:\\php\\jframework\\jframework\\Lumen\\Concerns\\RegistersExceptionHandlers.php(185): App\\Exceptions\\Handler->report(Object(InvalidArgumentException))
#6 E:\\php\\jframework\\jframework\\Lumen\\Concerns\\RoutesRequests.php(177): Laravel\\Lumen\\Application->sendExceptionToHandler(Object(InvalidArgumentException))
#7 E:\\php\\jframework\\jframework\\Lumen\\Concerns\\RoutesRequests.php(112): Laravel\\Lumen\\Application->dispatch(NULL)
#8 E:\\php\\jframework\\public\\index.php(28): Laravel\\Lumen\\Application->run()
#9 {main}
"} 
[2022-01-20 14:18:45] laravel.ERROR: Database connection [] not configured. {"exception":"[object] (InvalidArgumentException(code: 0): Database connection [] not configured. at E:\\php\\jframework\\vendor\\illuminate\\database\\DatabaseManager.php:161)
[stacktrace]
#0 E:\\php\\jframework\\vendor\\illuminate\\database\\DatabaseManager.php(124): Illuminate\\Database\\DatabaseManager->configuration(NULL)
#1 E:\\php\\jframework\\vendor\\illuminate\\database\\DatabaseManager.php(95): Illuminate\\Database\\DatabaseManager->makeConnection(NULL)
#2 E:\\php\\jframework\\vendor\\illuminate\\database\\DatabaseManager.php(442): Illuminate\\Database\\DatabaseManager->connection()
#3 E:\\php\\jframework\\vendor\\illuminate\\support\\Facades\\Facade.php(261): Illuminate\\Database\\DatabaseManager->__call('select', Array)
#4 E:\\php\\jframework\\app\\Services\\UserService.php(10): Illuminate\\Support\\Facades\\Facade::__callStatic('select', Array)
#5 E:\\php\\jframework\\app\\Controllers\\HomeController.php(25): App\\Services\\UserService->listUser()
#6 E:\\php\\jframework\\vendor\\illuminate\\container\\BoundMethod.php(36): App\\Controllers\\HomeController->list()
#7 E:\\php\\jframework\\vendor\\illuminate\\container\\Util.php(40): Illuminate\\Container\\BoundMethod::Illuminate\\Container\\{closure}()
#8 E:\\php\\jframework\\vendor\\illuminate\\container\\BoundMethod.php(93): Illuminate\\Container\\Util::unwrapIfClosure(Object(Closure))
#9 E:\\php\\jframework\\vendor\\illuminate\\container\\BoundMethod.php(37): Illuminate\\Container\\BoundMethod::callBoundMethod(Object(Laravel\\Lumen\\Application), Array, Object(Closure))
#10 E:\\php\\jframework\\vendor\\illuminate\\container\\Container.php(653): Illuminate\\Container\\BoundMethod::call(Object(Laravel\\Lumen\\Application), Array, Array, NULL)
#11 E:\\php\\jframework\\jframework\\Lumen\\Concerns\\RoutesRequests.php(389): Illuminate\\Container\\Container->call(Array, Array)
#12 E:\\php\\jframework\\jframework\\Lumen\\Concerns\\RoutesRequests.php(355): Laravel\\Lumen\\Application->callControllerCallable(Array, Array)
#13 E:\\php\\jframework\\jframework\\Lumen\\Concerns\\RoutesRequests.php(329): Laravel\\Lumen\\Application->callLumenController(Object(App\\Controllers\\HomeController), 'list', Array)
#14 E:\\php\\jframework\\jframework\\Lumen\\Concerns\\RoutesRequests.php(282): Laravel\\Lumen\\Application->callControllerAction(Array)
#15 E:\\php\\jframework\\jframework\\Lumen\\Concerns\\RoutesRequests.php(267): Laravel\\Lumen\\Application->callActionOnArrayBasedRoute(Array)
#16 E:\\php\\jframework\\jframework\\Lumen\\Concerns\\RoutesRequests.php(169): Laravel\\Lumen\\Application->handleFoundRoute(Array)
#17 E:\\php\\jframework\\jframework\\Lumen\\Concerns\\RoutesRequests.php(429): Laravel\\Lumen\\Application->Laravel\\Lumen\\Concerns\\{closure}(Object(Laravel\\Lumen\\Http\\Request))
#18 E:\\php\\jframework\\jframework\\Lumen\\Concerns\\RoutesRequests.php(175): Laravel\\Lumen\\Application->sendThroughPipeline(Array, Object(Closure))
#19 E:\\php\\jframework\\jframework\\Lumen\\Concerns\\RoutesRequests.php(112): Laravel\\Lumen\\Application->dispatch(NULL)
#20 E:\\php\\jframework\\public\\index.php(28): Laravel\\Lumen\\Application->run()
#21 {main}
"} 
[2022-01-20 14:20:24] laravel.EMERGENCY: Unable to create configured logger. Using emergency logger. {"exception":"[object] (InvalidArgumentException(code: 0): Log [] is not defined. at E:\\php\\jframework\\vendor\\illuminate\\log\\LogManager.php:200)
[stacktrace]
#0 E:\\php\\jframework\\vendor\\illuminate\\log\\LogManager.php(125): Illuminate\\Log\\LogManager->resolve(NULL, NULL)
#1 E:\\php\\jframework\\vendor\\illuminate\\log\\LogManager.php(112): Illuminate\\Log\\LogManager->get(NULL)
#2 E:\\php\\jframework\\vendor\\illuminate\\log\\LogManager.php(590): Illuminate\\Log\\LogManager->driver()
#3 E:\\php\\jframework\\jframework\\Lumen\\Exceptions\\Handler.php(58): Illuminate\\Log\\LogManager->error('SQLSTATE[HY000]...', Array)
#4 E:\\php\\jframework\\app\\Exceptions\\Handler.php(38): Laravel\\Lumen\\Exceptions\\Handler->report(Object(Illuminate\\Database\\QueryException))
#5 E:\\php\\jframework\\jframework\\Lumen\\Concerns\\RegistersExceptionHandlers.php(185): App\\Exceptions\\Handler->report(Object(Illuminate\\Database\\QueryException))
#6 E:\\php\\jframework\\jframework\\Lumen\\Concerns\\RoutesRequests.php(177): Laravel\\Lumen\\Application->sendExceptionToHandler(Object(Illuminate\\Database\\QueryException))
#7 E:\\php\\jframework\\jframework\\Lumen\\Concerns\\RoutesRequests.php(112): Laravel\\Lumen\\Application->dispatch(NULL)
#8 E:\\php\\jframework\\public\\index.php(28): Laravel\\Lumen\\Application->run()
#9 {main}
"} 
[2022-01-20 14:20:24] laravel.ERROR: SQLSTATE[HY000] [2002] ÓÉÓÚÄ¿±ê¼ÆËã»ú»ý¼«¾Ü¾ø£¬ÎÞ·¨Á¬½Ó¡£
 (SQL: SELECT * FROM users) {"exception":"[object] (Illuminate\\Database\\QueryException(code: 2002): SQLSTATE[HY000] [2002] ï¿½ï¿½ï¿½ï¿½Ä¿ï¿½ï¿½ï¿½ï¿½ï¿½ï¿½ï¿½ï¿½ï¿½ï¿½Ü¾ï¿½ï¿½ï¿½ï¿½Þ·ï¿½ï¿½ï¿½ï¿½Ó¡ï¿½
 (SQL: SELECT * FROM users) at E:\\php\\jframework\\vendor\\illuminate\\database\\Connection.php:712)
[stacktrace]
#0 E:\\php\\jframework\\vendor\\illuminate\\database\\Connection.php(672): Illuminate\\Database\\Connection->runQueryCallback('SELECT * FROM u...', Array, Object(Closure))
#1 E:\\php\\jframework\\vendor\\illuminate\\database\\Connection.php(376): Illuminate\\Database\\Connection->run('SELECT * FROM u...', Array, Object(Closure))
#2 E:\\php\\jframework\\vendor\\illuminate\\database\\DatabaseManager.php(442): Illuminate\\Database\\Connection->select('SELECT * FROM u...')
#3 E:\\php\\jframework\\vendor\\illuminate\\support\\Facades\\Facade.php(261): Illuminate\\Database\\DatabaseManager->__call('select', Array)
#4 E:\\php\\jframework\\app\\Services\\UserService.php(10): Illuminate\\Support\\Facades\\Facade::__callStatic('select', Array)
#5 E:\\php\\jframework\\app\\Controllers\\HomeController.php(25): App\\Services\\UserService->listUser()
#6 E:\\php\\jframework\\vendor\\illuminate\\container\\BoundMethod.php(36): App\\Controllers\\HomeController->list()
#7 E:\\php\\jframework\\vendor\\illuminate\\container\\Util.php(40): Illuminate\\Container\\BoundMethod::Illuminate\\Container\\{closure}()
#8 E:\\php\\jframework\\vendor\\illuminate\\container\\BoundMethod.php(93): Illuminate\\Container\\Util::unwrapIfClosure(Object(Closure))
#9 E:\\php\\jframework\\vendor\\illuminate\\container\\BoundMethod.php(37): Illuminate\\Container\\BoundMethod::callBoundMethod(Object(Laravel\\Lumen\\Application), Array, Object(Closure))
#10 E:\\php\\jframework\\vendor\\illuminate\\container\\Container.php(653): Illuminate\\Container\\BoundMethod::call(Object(Laravel\\Lumen\\Application), Array, Array, NULL)
#11 E:\\php\\jframework\\jframework\\Lumen\\Concerns\\RoutesRequests.php(389): Illuminate\\Container\\Container->call(Array, Array)
#12 E:\\php\\jframework\\jframework\\Lumen\\Concerns\\RoutesRequests.php(355): Laravel\\Lumen\\Application->callControllerCallable(Array, Array)
#13 E:\\php\\jframework\\jframework\\Lumen\\Concerns\\RoutesRequests.php(329): Laravel\\Lumen\\Application->callLumenController(Object(App\\Controllers\\HomeController), 'list', Array)
#14 E:\\php\\jframework\\jframework\\Lumen\\Concerns\\RoutesRequests.php(282): Laravel\\Lumen\\Application->callControllerAction(Array)
#15 E:\\php\\jframework\\jframework\\Lumen\\Concerns\\RoutesRequests.php(267): Laravel\\Lumen\\Application->callActionOnArrayBasedRoute(Array)
#16 E:\\php\\jframework\\jframework\\Lumen\\Concerns\\RoutesRequests.php(169): Laravel\\Lumen\\Application->handleFoundRoute(Array)
#17 E:\\php\\jframework\\jframework\\Lumen\\Concerns\\RoutesRequests.php(429): Laravel\\Lumen\\Application->Laravel\\Lumen\\Concerns\\{closure}(Object(Laravel\\Lumen\\Http\\Request))
#18 E:\\php\\jframework\\jframework\\Lumen\\Concerns\\RoutesRequests.php(175): Laravel\\Lumen\\Application->sendThroughPipeline(Array, Object(Closure))
#19 E:\\php\\jframework\\jframework\\Lumen\\Concerns\\RoutesRequests.php(112): Laravel\\Lumen\\Application->dispatch(NULL)
#20 E:\\php\\jframework\\public\\index.php(28): Laravel\\Lumen\\Application->run()
#21 {main}

[previous exception] [object] (PDOException(code: 2002): SQLSTATE[HY000] [2002] ï¿½ï¿½ï¿½ï¿½Ä¿ï¿½ï¿½ï¿½ï¿½ï¿½ï¿½ï¿½ï¿½ï¿½ï¿½Ü¾ï¿½ï¿½ï¿½ï¿½Þ·ï¿½ï¿½ï¿½ï¿½Ó¡ï¿½
 at E:\\php\\jframework\\vendor\\illuminate\\database\\Connectors\\Connector.php:70)
[stacktrace]
#0 E:\\php\\jframework\\vendor\\illuminate\\database\\Connectors\\Connector.php(70): PDO->__construct('mysql:host=127....', 'homestead', 'secret', Array)
#1 E:\\php\\jframework\\vendor\\illuminate\\database\\Connectors\\Connector.php(46): Illuminate\\Database\\Connectors\\Connector->createPdoConnection('mysql:host=127....', 'homestead', 'secret', Array)
#2 E:\\php\\jframework\\vendor\\illuminate\\database\\Connectors\\MySqlConnector.php(24): Illuminate\\Database\\Connectors\\Connector->createConnection('mysql:host=127....', Array, Array)
#3 E:\\php\\jframework\\vendor\\illuminate\\database\\Connectors\\ConnectionFactory.php(184): Illuminate\\Database\\Connectors\\MySqlConnector->connect(Array)
#4 [internal function]: Illuminate\\Database\\Connectors\\ConnectionFactory->Illuminate\\Database\\Connectors\\{closure}()
#5 E:\\php\\jframework\\vendor\\illuminate\\database\\Connection.php(1062): call_user_func(Object(Closure))
#6 E:\\php\\jframework\\vendor\\illuminate\\database\\Connection.php(1098): Illuminate\\Database\\Connection->getPdo()
#7 E:\\php\\jframework\\vendor\\illuminate\\database\\Connection.php(442): Illuminate\\Database\\Connection->getReadPdo()
#8 E:\\php\\jframework\\vendor\\illuminate\\database\\Connection.php(368): Illuminate\\Database\\Connection->getPdoForSelect(true)
#9 E:\\php\\jframework\\vendor\\illuminate\\database\\Connection.php(705): Illuminate\\Database\\Connection->Illuminate\\Database\\{closure}('SELECT * FROM u...', Array)
#10 E:\\php\\jframework\\vendor\\illuminate\\database\\Connection.php(672): Illuminate\\Database\\Connection->runQueryCallback('SELECT * FROM u...', Array, Object(Closure))
#11 E:\\php\\jframework\\vendor\\illuminate\\database\\Connection.php(376): Illuminate\\Database\\Connection->run('SELECT * FROM u...', Array, Object(Closure))
#12 E:\\php\\jframework\\vendor\\illuminate\\database\\DatabaseManager.php(442): Illuminate\\Database\\Connection->select('SELECT * FROM u...')
#13 E:\\php\\jframework\\vendor\\illuminate\\support\\Facades\\Facade.php(261): Illuminate\\Database\\DatabaseManager->__call('select', Array)
#14 E:\\php\\jframework\\app\\Services\\UserService.php(10): Illuminate\\Support\\Facades\\Facade::__callStatic('select', Array)
#15 E:\\php\\jframework\\app\\Controllers\\HomeController.php(25): App\\Services\\UserService->listUser()
#16 E:\\php\\jframework\\vendor\\illuminate\\container\\BoundMethod.php(36): App\\Controllers\\HomeController->list()
#17 E:\\php\\jframework\\vendor\\illuminate\\container\\Util.php(40): Illuminate\\Container\\BoundMethod::Illuminate\\Container\\{closure}()
#18 E:\\php\\jframework\\vendor\\illuminate\\container\\BoundMethod.php(93): Illuminate\\Container\\Util::unwrapIfClosure(Object(Closure))
#19 E:\\php\\jframework\\vendor\\illuminate\\container\\BoundMethod.php(37): Illuminate\\Container\\BoundMethod::callBoundMethod(Object(Laravel\\Lumen\\Application), Array, Object(Closure))
#20 E:\\php\\jframework\\vendor\\illuminate\\container\\Container.php(653): Illuminate\\Container\\BoundMethod::call(Object(Laravel\\Lumen\\Application), Array, Array, NULL)
#21 E:\\php\\jframework\\jframework\\Lumen\\Concerns\\RoutesRequests.php(389): Illuminate\\Container\\Container->call(Array, Array)
#22 E:\\php\\jframework\\jframework\\Lumen\\Concerns\\RoutesRequests.php(355): Laravel\\Lumen\\Application->callControllerCallable(Array, Array)
#23 E:\\php\\jframework\\jframework\\Lumen\\Concerns\\RoutesRequests.php(329): Laravel\\Lumen\\Application->callLumenController(Object(App\\Controllers\\HomeController), 'list', Array)
#24 E:\\php\\jframework\\jframework\\Lumen\\Concerns\\RoutesRequests.php(282): Laravel\\Lumen\\Application->callControllerAction(Array)
#25 E:\\php\\jframework\\jframework\\Lumen\\Concerns\\RoutesRequests.php(267): Laravel\\Lumen\\Application->callActionOnArrayBasedRoute(Array)
#26 E:\\php\\jframework\\jframework\\Lumen\\Concerns\\RoutesRequests.php(169): Laravel\\Lumen\\Application->handleFoundRoute(Array)
#27 E:\\php\\jframework\\jframework\\Lumen\\Concerns\\RoutesRequests.php(429): Laravel\\Lumen\\Application->Laravel\\Lumen\\Concerns\\{closure}(Object(Laravel\\Lumen\\Http\\Request))
#28 E:\\php\\jframework\\jframework\\Lumen\\Concerns\\RoutesRequests.php(175): Laravel\\Lumen\\Application->sendThroughPipeline(Array, Object(Closure))
#29 E:\\php\\jframework\\jframework\\Lumen\\Concerns\\RoutesRequests.php(112): Laravel\\Lumen\\Application->dispatch(NULL)
#30 E:\\php\\jframework\\public\\index.php(28): Laravel\\Lumen\\Application->run()
#31 {main}
"} 
[2022-01-20 14:23:36] laravel.EMERGENCY: Unable to create configured logger. Using emergency logger. {"exception":"[object] (InvalidArgumentException(code: 0): Log [] is not defined. at E:\\php\\jframework\\vendor\\illuminate\\log\\LogManager.php:200)
[stacktrace]
#0 E:\\php\\jframework\\vendor\\illuminate\\log\\LogManager.php(125): Illuminate\\Log\\LogManager->resolve(NULL, NULL)
#1 E:\\php\\jframework\\vendor\\illuminate\\log\\LogManager.php(112): Illuminate\\Log\\LogManager->get(NULL)
#2 E:\\php\\jframework\\vendor\\illuminate\\log\\LogManager.php(590): Illuminate\\Log\\LogManager->driver()
#3 E:\\php\\jframework\\jframework\\Lumen\\Exceptions\\Handler.php(58): Illuminate\\Log\\LogManager->error('SQLSTATE[HY000]...', Array)
#4 E:\\php\\jframework\\app\\Exceptions\\Handler.php(38): Laravel\\Lumen\\Exceptions\\Handler->report(Object(Illuminate\\Database\\QueryException))
#5 E:\\php\\jframework\\jframework\\Lumen\\Concerns\\RegistersExceptionHandlers.php(185): App\\Exceptions\\Handler->report(Object(Illuminate\\Database\\QueryException))
#6 E:\\php\\jframework\\jframework\\Lumen\\Concerns\\RoutesRequests.php(177): Laravel\\Lumen\\Application->sendExceptionToHandler(Object(Illuminate\\Database\\QueryException))
#7 E:\\php\\jframework\\jframework\\Lumen\\Concerns\\RoutesRequests.php(112): Laravel\\Lumen\\Application->dispatch(NULL)
#8 E:\\php\\jframework\\public\\index.php(28): Laravel\\Lumen\\Application->run()
#9 {main}
"} 
[2022-01-20 14:23:36] laravel.ERROR: SQLSTATE[HY000] [2002] ÓÉÓÚÄ¿±ê¼ÆËã»ú»ý¼«¾Ü¾ø£¬ÎÞ·¨Á¬½Ó¡£
 (SQL: SELECT * FROM users) {"exception":"[object] (Illuminate\\Database\\QueryException(code: 2002): SQLSTATE[HY000] [2002] ï¿½ï¿½ï¿½ï¿½Ä¿ï¿½ï¿½ï¿½ï¿½ï¿½ï¿½ï¿½ï¿½ï¿½ï¿½Ü¾ï¿½ï¿½ï¿½ï¿½Þ·ï¿½ï¿½ï¿½ï¿½Ó¡ï¿½
 (SQL: SELECT * FROM users) at E:\\php\\jframework\\vendor\\illuminate\\database\\Connection.php:712)
[stacktrace]
#0 E:\\php\\jframework\\vendor\\illuminate\\database\\Connection.php(672): Illuminate\\Database\\Connection->runQueryCallback('SELECT * FROM u...', Array, Object(Closure))
#1 E:\\php\\jframework\\vendor\\illuminate\\database\\Connection.php(376): Illuminate\\Database\\Connection->run('SELECT * FROM u...', Array, Object(Closure))
#2 E:\\php\\jframework\\vendor\\illuminate\\database\\DatabaseManager.php(442): Illuminate\\Database\\Connection->select('SELECT * FROM u...')
#3 E:\\php\\jframework\\vendor\\illuminate\\support\\Facades\\Facade.php(261): Illuminate\\Database\\DatabaseManager->__call('select', Array)
#4 E:\\php\\jframework\\app\\Services\\UserService.php(10): Illuminate\\Support\\Facades\\Facade::__callStatic('select', Array)
#5 E:\\php\\jframework\\app\\Controllers\\HomeController.php(25): App\\Services\\UserService->listUser()
#6 E:\\php\\jframework\\vendor\\illuminate\\container\\BoundMethod.php(36): App\\Controllers\\HomeController->list()
#7 E:\\php\\jframework\\vendor\\illuminate\\container\\Util.php(40): Illuminate\\Container\\BoundMethod::Illuminate\\Container\\{closure}()
#8 E:\\php\\jframework\\vendor\\illuminate\\container\\BoundMethod.php(93): Illuminate\\Container\\Util::unwrapIfClosure(Object(Closure))
#9 E:\\php\\jframework\\vendor\\illuminate\\container\\BoundMethod.php(37): Illuminate\\Container\\BoundMethod::callBoundMethod(Object(Laravel\\Lumen\\Application), Array, Object(Closure))
#10 E:\\php\\jframework\\vendor\\illuminate\\container\\Container.php(653): Illuminate\\Container\\BoundMethod::call(Object(Laravel\\Lumen\\Application), Array, Array, NULL)
#11 E:\\php\\jframework\\jframework\\Lumen\\Concerns\\RoutesRequests.php(389): Illuminate\\Container\\Container->call(Array, Array)
#12 E:\\php\\jframework\\jframework\\Lumen\\Concerns\\RoutesRequests.php(355): Laravel\\Lumen\\Application->callControllerCallable(Array, Array)
#13 E:\\php\\jframework\\jframework\\Lumen\\Concerns\\RoutesRequests.php(329): Laravel\\Lumen\\Application->callLumenController(Object(App\\Controllers\\HomeController), 'list', Array)
#14 E:\\php\\jframework\\jframework\\Lumen\\Concerns\\RoutesRequests.php(282): Laravel\\Lumen\\Application->callControllerAction(Array)
#15 E:\\php\\jframework\\jframework\\Lumen\\Concerns\\RoutesRequests.php(267): Laravel\\Lumen\\Application->callActionOnArrayBasedRoute(Array)
#16 E:\\php\\jframework\\jframework\\Lumen\\Concerns\\RoutesRequests.php(169): Laravel\\Lumen\\Application->handleFoundRoute(Array)
#17 E:\\php\\jframework\\jframework\\Lumen\\Concerns\\RoutesRequests.php(429): Laravel\\Lumen\\Application->Laravel\\Lumen\\Concerns\\{closure}(Object(Laravel\\Lumen\\Http\\Request))
#18 E:\\php\\jframework\\jframework\\Lumen\\Concerns\\RoutesRequests.php(175): Laravel\\Lumen\\Application->sendThroughPipeline(Array, Object(Closure))
#19 E:\\php\\jframework\\jframework\\Lumen\\Concerns\\RoutesRequests.php(112): Laravel\\Lumen\\Application->dispatch(NULL)
#20 E:\\php\\jframework\\public\\index.php(28): Laravel\\Lumen\\Application->run()
#21 {main}

[previous exception] [object] (PDOException(code: 2002): SQLSTATE[HY000] [2002] ï¿½ï¿½ï¿½ï¿½Ä¿ï¿½ï¿½ï¿½ï¿½ï¿½ï¿½ï¿½ï¿½ï¿½ï¿½Ü¾ï¿½ï¿½ï¿½ï¿½Þ·ï¿½ï¿½ï¿½ï¿½Ó¡ï¿½
 at E:\\php\\jframework\\vendor\\illuminate\\database\\Connectors\\Connector.php:70)
[stacktrace]
#0 E:\\php\\jframework\\vendor\\illuminate\\database\\Connectors\\Connector.php(70): PDO->__construct('mysql:host=127....', 'root', 'root', Array)
#1 E:\\php\\jframework\\vendor\\illuminate\\database\\Connectors\\Connector.php(46): Illuminate\\Database\\Connectors\\Connector->createPdoConnection('mysql:host=127....', 'root', 'root', Array)
#2 E:\\php\\jframework\\vendor\\illuminate\\database\\Connectors\\MySqlConnector.php(24): Illuminate\\Database\\Connectors\\Connector->createConnection('mysql:host=127....', Array, Array)
#3 E:\\php\\jframework\\vendor\\illuminate\\database\\Connectors\\ConnectionFactory.php(184): Illuminate\\Database\\Connectors\\MySqlConnector->connect(Array)
#4 [internal function]: Illuminate\\Database\\Connectors\\ConnectionFactory->Illuminate\\Database\\Connectors\\{closure}()
#5 E:\\php\\jframework\\vendor\\illuminate\\database\\Connection.php(1062): call_user_func(Object(Closure))
#6 E:\\php\\jframework\\vendor\\illuminate\\database\\Connection.php(1098): Illuminate\\Database\\Connection->getPdo()
#7 E:\\php\\jframework\\vendor\\illuminate\\database\\Connection.php(442): Illuminate\\Database\\Connection->getReadPdo()
#8 E:\\php\\jframework\\vendor\\illuminate\\database\\Connection.php(368): Illuminate\\Database\\Connection->getPdoForSelect(true)
#9 E:\\php\\jframework\\vendor\\illuminate\\database\\Connection.php(705): Illuminate\\Database\\Connection->Illuminate\\Database\\{closure}('SELECT * FROM u...', Array)
#10 E:\\php\\jframework\\vendor\\illuminate\\database\\Connection.php(672): Illuminate\\Database\\Connection->runQueryCallback('SELECT * FROM u...', Array, Object(Closure))
#11 E:\\php\\jframework\\vendor\\illuminate\\database\\Connection.php(376): Illuminate\\Database\\Connection->run('SELECT * FROM u...', Array, Object(Closure))
#12 E:\\php\\jframework\\vendor\\illuminate\\database\\DatabaseManager.php(442): Illuminate\\Database\\Connection->select('SELECT * FROM u...')
#13 E:\\php\\jframework\\vendor\\illuminate\\support\\Facades\\Facade.php(261): Illuminate\\Database\\DatabaseManager->__call('select', Array)
#14 E:\\php\\jframework\\app\\Services\\UserService.php(10): Illuminate\\Support\\Facades\\Facade::__callStatic('select', Array)
#15 E:\\php\\jframework\\app\\Controllers\\HomeController.php(25): App\\Services\\UserService->listUser()
#16 E:\\php\\jframework\\vendor\\illuminate\\container\\BoundMethod.php(36): App\\Controllers\\HomeController->list()
#17 E:\\php\\jframework\\vendor\\illuminate\\container\\Util.php(40): Illuminate\\Container\\BoundMethod::Illuminate\\Container\\{closure}()
#18 E:\\php\\jframework\\vendor\\illuminate\\container\\BoundMethod.php(93): Illuminate\\Container\\Util::unwrapIfClosure(Object(Closure))
#19 E:\\php\\jframework\\vendor\\illuminate\\container\\BoundMethod.php(37): Illuminate\\Container\\BoundMethod::callBoundMethod(Object(Laravel\\Lumen\\Application), Array, Object(Closure))
#20 E:\\php\\jframework\\vendor\\illuminate\\container\\Container.php(653): Illuminate\\Container\\BoundMethod::call(Object(Laravel\\Lumen\\Application), Array, Array, NULL)
#21 E:\\php\\jframework\\jframework\\Lumen\\Concerns\\RoutesRequests.php(389): Illuminate\\Container\\Container->call(Array, Array)
#22 E:\\php\\jframework\\jframework\\Lumen\\Concerns\\RoutesRequests.php(355): Laravel\\Lumen\\Application->callControllerCallable(Array, Array)
#23 E:\\php\\jframework\\jframework\\Lumen\\Concerns\\RoutesRequests.php(329): Laravel\\Lumen\\Application->callLumenController(Object(App\\Controllers\\HomeController), 'list', Array)
#24 E:\\php\\jframework\\jframework\\Lumen\\Concerns\\RoutesRequests.php(282): Laravel\\Lumen\\Application->callControllerAction(Array)
#25 E:\\php\\jframework\\jframework\\Lumen\\Concerns\\RoutesRequests.php(267): Laravel\\Lumen\\Application->callActionOnArrayBasedRoute(Array)
#26 E:\\php\\jframework\\jframework\\Lumen\\Concerns\\RoutesRequests.php(169): Laravel\\Lumen\\Application->handleFoundRoute(Array)
#27 E:\\php\\jframework\\jframework\\Lumen\\Concerns\\RoutesRequests.php(429): Laravel\\Lumen\\Application->Laravel\\Lumen\\Concerns\\{closure}(Object(Laravel\\Lumen\\Http\\Request))
#28 E:\\php\\jframework\\jframework\\Lumen\\Concerns\\RoutesRequests.php(175): Laravel\\Lumen\\Application->sendThroughPipeline(Array, Object(Closure))
#29 E:\\php\\jframework\\jframework\\Lumen\\Concerns\\RoutesRequests.php(112): Laravel\\Lumen\\Application->dispatch(NULL)
#30 E:\\php\\jframework\\public\\index.php(28): Laravel\\Lumen\\Application->run()
#31 {main}
"} 
[2022-01-20 14:24:17] laravel.EMERGENCY: Unable to create configured logger. Using emergency logger. {"exception":"[object] (InvalidArgumentException(code: 0): Log [] is not defined. at E:\\php\\jframework\\vendor\\illuminate\\log\\LogManager.php:200)
[stacktrace]
#0 E:\\php\\jframework\\vendor\\illuminate\\log\\LogManager.php(125): Illuminate\\Log\\LogManager->resolve(NULL, NULL)
#1 E:\\php\\jframework\\vendor\\illuminate\\log\\LogManager.php(112): Illuminate\\Log\\LogManager->get(NULL)
#2 E:\\php\\jframework\\vendor\\illuminate\\log\\LogManager.php(590): Illuminate\\Log\\LogManager->driver()
#3 E:\\php\\jframework\\jframework\\Lumen\\Exceptions\\Handler.php(58): Illuminate\\Log\\LogManager->error('SQLSTATE[42S02]...', Array)
#4 E:\\php\\jframework\\app\\Exceptions\\Handler.php(38): Laravel\\Lumen\\Exceptions\\Handler->report(Object(Illuminate\\Database\\QueryException))
#5 E:\\php\\jframework\\jframework\\Lumen\\Concerns\\RegistersExceptionHandlers.php(185): App\\Exceptions\\Handler->report(Object(Illuminate\\Database\\QueryException))
#6 E:\\php\\jframework\\jframework\\Lumen\\Concerns\\RoutesRequests.php(177): Laravel\\Lumen\\Application->sendExceptionToHandler(Object(Illuminate\\Database\\QueryException))
#7 E:\\php\\jframework\\jframework\\Lumen\\Concerns\\RoutesRequests.php(112): Laravel\\Lumen\\Application->dispatch(NULL)
#8 E:\\php\\jframework\\public\\index.php(28): Laravel\\Lumen\\Application->run()
#9 {main}
"} 
[2022-01-20 14:24:17] laravel.ERROR: SQLSTATE[42S02]: Base table or view not found: 1146 Table 'demo.users' doesn't exist (SQL: SELECT * FROM users) {"exception":"[object] (Illuminate\\Database\\QueryException(code: 42S02): SQLSTATE[42S02]: Base table or view not found: 1146 Table 'demo.users' doesn't exist (SQL: SELECT * FROM users) at E:\\php\\jframework\\vendor\\illuminate\\database\\Connection.php:712)
[stacktrace]
#0 E:\\php\\jframework\\vendor\\illuminate\\database\\Connection.php(672): Illuminate\\Database\\Connection->runQueryCallback('SELECT * FROM u...', Array, Object(Closure))
#1 E:\\php\\jframework\\vendor\\illuminate\\database\\Connection.php(376): Illuminate\\Database\\Connection->run('SELECT * FROM u...', Array, Object(Closure))
#2 E:\\php\\jframework\\vendor\\illuminate\\database\\DatabaseManager.php(442): Illuminate\\Database\\Connection->select('SELECT * FROM u...')
#3 E:\\php\\jframework\\vendor\\illuminate\\support\\Facades\\Facade.php(261): Illuminate\\Database\\DatabaseManager->__call('select', Array)
#4 E:\\php\\jframework\\app\\Services\\UserService.php(10): Illuminate\\Support\\Facades\\Facade::__callStatic('select', Array)
#5 E:\\php\\jframework\\app\\Controllers\\HomeController.php(25): App\\Services\\UserService->listUser()
#6 E:\\php\\jframework\\vendor\\illuminate\\container\\BoundMethod.php(36): App\\Controllers\\HomeController->list()
#7 E:\\php\\jframework\\vendor\\illuminate\\container\\Util.php(40): Illuminate\\Container\\BoundMethod::Illuminate\\Container\\{closure}()
#8 E:\\php\\jframework\\vendor\\illuminate\\container\\BoundMethod.php(93): Illuminate\\Container\\Util::unwrapIfClosure(Object(Closure))
#9 E:\\php\\jframework\\vendor\\illuminate\\container\\BoundMethod.php(37): Illuminate\\Container\\BoundMethod::callBoundMethod(Object(Laravel\\Lumen\\Application), Array, Object(Closure))
#10 E:\\php\\jframework\\vendor\\illuminate\\container\\Container.php(653): Illuminate\\Container\\BoundMethod::call(Object(Laravel\\Lumen\\Application), Array, Array, NULL)
#11 E:\\php\\jframework\\jframework\\Lumen\\Concerns\\RoutesRequests.php(389): Illuminate\\Container\\Container->call(Array, Array)
#12 E:\\php\\jframework\\jframework\\Lumen\\Concerns\\RoutesRequests.php(355): Laravel\\Lumen\\Application->callControllerCallable(Array, Array)
#13 E:\\php\\jframework\\jframework\\Lumen\\Concerns\\RoutesRequests.php(329): Laravel\\Lumen\\Application->callLumenController(Object(App\\Controllers\\HomeController), 'list', Array)
#14 E:\\php\\jframework\\jframework\\Lumen\\Concerns\\RoutesRequests.php(282): Laravel\\Lumen\\Application->callControllerAction(Array)
#15 E:\\php\\jframework\\jframework\\Lumen\\Concerns\\RoutesRequests.php(267): Laravel\\Lumen\\Application->callActionOnArrayBasedRoute(Array)
#16 E:\\php\\jframework\\jframework\\Lumen\\Concerns\\RoutesRequests.php(169): Laravel\\Lumen\\Application->handleFoundRoute(Array)
#17 E:\\php\\jframework\\jframework\\Lumen\\Concerns\\RoutesRequests.php(429): Laravel\\Lumen\\Application->Laravel\\Lumen\\Concerns\\{closure}(Object(Laravel\\Lumen\\Http\\Request))
#18 E:\\php\\jframework\\jframework\\Lumen\\Concerns\\RoutesRequests.php(175): Laravel\\Lumen\\Application->sendThroughPipeline(Array, Object(Closure))
#19 E:\\php\\jframework\\jframework\\Lumen\\Concerns\\RoutesRequests.php(112): Laravel\\Lumen\\Application->dispatch(NULL)
#20 E:\\php\\jframework\\public\\index.php(28): Laravel\\Lumen\\Application->run()
#21 {main}

[previous exception] [object] (PDOException(code: 42S02): SQLSTATE[42S02]: Base table or view not found: 1146 Table 'demo.users' doesn't exist at E:\\php\\jframework\\vendor\\illuminate\\database\\Connection.php:368)
[stacktrace]
#0 E:\\php\\jframework\\vendor\\illuminate\\database\\Connection.php(368): PDO->prepare('SELECT * FROM u...')
#1 E:\\php\\jframework\\vendor\\illuminate\\database\\Connection.php(705): Illuminate\\Database\\Connection->Illuminate\\Database\\{closure}('SELECT * FROM u...', Array)
#2 E:\\php\\jframework\\vendor\\illuminate\\database\\Connection.php(672): Illuminate\\Database\\Connection->runQueryCallback('SELECT * FROM u...', Array, Object(Closure))
#3 E:\\php\\jframework\\vendor\\illuminate\\database\\Connection.php(376): Illuminate\\Database\\Connection->run('SELECT * FROM u...', Array, Object(Closure))
#4 E:\\php\\jframework\\vendor\\illuminate\\database\\DatabaseManager.php(442): Illuminate\\Database\\Connection->select('SELECT * FROM u...')
#5 E:\\php\\jframework\\vendor\\illuminate\\support\\Facades\\Facade.php(261): Illuminate\\Database\\DatabaseManager->__call('select', Array)
#6 E:\\php\\jframework\\app\\Services\\UserService.php(10): Illuminate\\Support\\Facades\\Facade::__callStatic('select', Array)
#7 E:\\php\\jframework\\app\\Controllers\\HomeController.php(25): App\\Services\\UserService->listUser()
#8 E:\\php\\jframework\\vendor\\illuminate\\container\\BoundMethod.php(36): App\\Controllers\\HomeController->list()
#9 E:\\php\\jframework\\vendor\\illuminate\\container\\Util.php(40): Illuminate\\Container\\BoundMethod::Illuminate\\Container\\{closure}()
#10 E:\\php\\jframework\\vendor\\illuminate\\container\\BoundMethod.php(93): Illuminate\\Container\\Util::unwrapIfClosure(Object(Closure))
#11 E:\\php\\jframework\\vendor\\illuminate\\container\\BoundMethod.php(37): Illuminate\\Container\\BoundMethod::callBoundMethod(Object(Laravel\\Lumen\\Application), Array, Object(Closure))
#12 E:\\php\\jframework\\vendor\\illuminate\\container\\Container.php(653): Illuminate\\Container\\BoundMethod::call(Object(Laravel\\Lumen\\Application), Array, Array, NULL)
#13 E:\\php\\jframework\\jframework\\Lumen\\Concerns\\RoutesRequests.php(389): Illuminate\\Container\\Container->call(Array, Array)
#14 E:\\php\\jframework\\jframework\\Lumen\\Concerns\\RoutesRequests.php(355): Laravel\\Lumen\\Application->callControllerCallable(Array, Array)
#15 E:\\php\\jframework\\jframework\\Lumen\\Concerns\\RoutesRequests.php(329): Laravel\\Lumen\\Application->callLumenController(Object(App\\Controllers\\HomeController), 'list', Array)
#16 E:\\php\\jframework\\jframework\\Lumen\\Concerns\\RoutesRequests.php(282): Laravel\\Lumen\\Application->callControllerAction(Array)
#17 E:\\php\\jframework\\jframework\\Lumen\\Concerns\\RoutesRequests.php(267): Laravel\\Lumen\\Application->callActionOnArrayBasedRoute(Array)
#18 E:\\php\\jframework\\jframework\\Lumen\\Concerns\\RoutesRequests.php(169): Laravel\\Lumen\\Application->handleFoundRoute(Array)
#19 E:\\php\\jframework\\jframework\\Lumen\\Concerns\\RoutesRequests.php(429): Laravel\\Lumen\\Application->Laravel\\Lumen\\Concerns\\{closure}(Object(Laravel\\Lumen\\Http\\Request))
#20 E:\\php\\jframework\\jframework\\Lumen\\Concerns\\RoutesRequests.php(175): Laravel\\Lumen\\Application->sendThroughPipeline(Array, Object(Closure))
#21 E:\\php\\jframework\\jframework\\Lumen\\Concerns\\RoutesRequests.php(112): Laravel\\Lumen\\Application->dispatch(NULL)
#22 E:\\php\\jframework\\public\\index.php(28): Laravel\\Lumen\\Application->run()
#23 {main}
"} 
[2022-01-20 14:25:12] laravel.EMERGENCY: Unable to create configured logger. Using emergency logger. {"exception":"[object] (InvalidArgumentException(code: 0): Log [] is not defined. at E:\\php\\jframework\\vendor\\illuminate\\log\\LogManager.php:200)
[stacktrace]
#0 E:\\php\\jframework\\vendor\\illuminate\\log\\LogManager.php(125): Illuminate\\Log\\LogManager->resolve(NULL, NULL)
#1 E:\\php\\jframework\\vendor\\illuminate\\log\\LogManager.php(112): Illuminate\\Log\\LogManager->get(NULL)
#2 E:\\php\\jframework\\vendor\\illuminate\\log\\LogManager.php(590): Illuminate\\Log\\LogManager->driver()
#3 E:\\php\\jframework\\jframework\\Lumen\\Exceptions\\Handler.php(58): Illuminate\\Log\\LogManager->error('Call to a membe...', Array)
#4 E:\\php\\jframework\\app\\Exceptions\\Handler.php(38): Laravel\\Lumen\\Exceptions\\Handler->report(Object(Error))
#5 E:\\php\\jframework\\jframework\\Lumen\\Concerns\\RegistersExceptionHandlers.php(185): App\\Exceptions\\Handler->report(Object(Error))
#6 E:\\php\\jframework\\jframework\\Lumen\\Concerns\\RoutesRequests.php(177): Laravel\\Lumen\\Application->sendExceptionToHandler(Object(Error))
#7 E:\\php\\jframework\\jframework\\Lumen\\Concerns\\RoutesRequests.php(112): Laravel\\Lumen\\Application->dispatch(NULL)
#8 E:\\php\\jframework\\public\\index.php(28): Laravel\\Lumen\\Application->run()
#9 {main}
"} 
[2022-01-20 14:25:12] laravel.ERROR: Call to a member function offset() on array {"exception":"[object] (Error(code: 0): Call to a member function offset() on array at E:\\php\\jframework\\app\\Services\\UserService.php:10)
[stacktrace]
#0 E:\\php\\jframework\\app\\Controllers\\HomeController.php(25): App\\Services\\UserService->listUser()
#1 E:\\php\\jframework\\vendor\\illuminate\\container\\BoundMethod.php(36): App\\Controllers\\HomeController->list()
#2 E:\\php\\jframework\\vendor\\illuminate\\container\\Util.php(40): Illuminate\\Container\\BoundMethod::Illuminate\\Container\\{closure}()
#3 E:\\php\\jframework\\vendor\\illuminate\\container\\BoundMethod.php(93): Illuminate\\Container\\Util::unwrapIfClosure(Object(Closure))
#4 E:\\php\\jframework\\vendor\\illuminate\\container\\BoundMethod.php(37): Illuminate\\Container\\BoundMethod::callBoundMethod(Object(Laravel\\Lumen\\Application), Array, Object(Closure))
#5 E:\\php\\jframework\\vendor\\illuminate\\container\\Container.php(653): Illuminate\\Container\\BoundMethod::call(Object(Laravel\\Lumen\\Application), Array, Array, NULL)
#6 E:\\php\\jframework\\jframework\\Lumen\\Concerns\\RoutesRequests.php(389): Illuminate\\Container\\Container->call(Array, Array)
#7 E:\\php\\jframework\\jframework\\Lumen\\Concerns\\RoutesRequests.php(355): Laravel\\Lumen\\Application->callControllerCallable(Array, Array)
#8 E:\\php\\jframework\\jframework\\Lumen\\Concerns\\RoutesRequests.php(329): Laravel\\Lumen\\Application->callLumenController(Object(App\\Controllers\\HomeController), 'list', Array)
#9 E:\\php\\jframework\\jframework\\Lumen\\Concerns\\RoutesRequests.php(282): Laravel\\Lumen\\Application->callControllerAction(Array)
#10 E:\\php\\jframework\\jframework\\Lumen\\Concerns\\RoutesRequests.php(267): Laravel\\Lumen\\Application->callActionOnArrayBasedRoute(Array)
#11 E:\\php\\jframework\\jframework\\Lumen\\Concerns\\RoutesRequests.php(169): Laravel\\Lumen\\Application->handleFoundRoute(Array)
#12 E:\\php\\jframework\\jframework\\Lumen\\Concerns\\RoutesRequests.php(429): Laravel\\Lumen\\Application->Laravel\\Lumen\\Concerns\\{closure}(Object(Laravel\\Lumen\\Http\\Request))
#13 E:\\php\\jframework\\jframework\\Lumen\\Concerns\\RoutesRequests.php(175): Laravel\\Lumen\\Application->sendThroughPipeline(Array, Object(Closure))
#14 E:\\php\\jframework\\jframework\\Lumen\\Concerns\\RoutesRequests.php(112): Laravel\\Lumen\\Application->dispatch(NULL)
#15 E:\\php\\jframework\\public\\index.php(28): Laravel\\Lumen\\Application->run()
#16 {main}
"} 
[2022-01-20 14:28:43] laravel.EMERGENCY: Unable to create configured logger. Using emergency logger. {"exception":"[object] (InvalidArgumentException(code: 0): Log [] is not defined. at E:\\php\\jframework\\vendor\\illuminate\\log\\LogManager.php:200)
[stacktrace]
#0 E:\\php\\jframework\\vendor\\illuminate\\log\\LogManager.php(125): Illuminate\\Log\\LogManager->resolve(NULL, NULL)
#1 E:\\php\\jframework\\vendor\\illuminate\\log\\LogManager.php(112): Illuminate\\Log\\LogManager->get(NULL)
#2 E:\\php\\jframework\\vendor\\illuminate\\log\\LogManager.php(590): Illuminate\\Log\\LogManager->driver()
#3 E:\\php\\jframework\\jframework\\Lumen\\Exceptions\\Handler.php(58): Illuminate\\Log\\LogManager->error('SQLSTATE[42S02]...', Array)
#4 E:\\php\\jframework\\app\\Exceptions\\Handler.php(38): Laravel\\Lumen\\Exceptions\\Handler->report(Object(Illuminate\\Database\\QueryException))
#5 E:\\php\\jframework\\jframework\\Lumen\\Concerns\\RegistersExceptionHandlers.php(185): App\\Exceptions\\Handler->report(Object(Illuminate\\Database\\QueryException))
#6 E:\\php\\jframework\\jframework\\Lumen\\Concerns\\RoutesRequests.php(177): Laravel\\Lumen\\Application->sendExceptionToHandler(Object(Illuminate\\Database\\QueryException))
#7 E:\\php\\jframework\\jframework\\Lumen\\Concerns\\RoutesRequests.php(112): Laravel\\Lumen\\Application->dispatch(NULL)
#8 E:\\php\\jframework\\public\\index.php(28): Laravel\\Lumen\\Application->run()
#9 {main}
"} 
[2022-01-20 14:28:43] laravel.ERROR: SQLSTATE[42S02]: Base table or view not found: 1146 Table 'demo.posts' doesn't exist (SQL: select * from `posts`) {"exception":"[object] (Illuminate\\Database\\QueryException(code: 42S02): SQLSTATE[42S02]: Base table or view not found: 1146 Table 'demo.posts' doesn't exist (SQL: select * from `posts`) at E:\\php\\jframework\\vendor\\illuminate\\database\\Connection.php:712)
[stacktrace]
#0 E:\\php\\jframework\\vendor\\illuminate\\database\\Connection.php(672): Illuminate\\Database\\Connection->runQueryCallback('select * from `...', Array, Object(Closure))
#1 E:\\php\\jframework\\vendor\\illuminate\\database\\Connection.php(376): Illuminate\\Database\\Connection->run('select * from `...', Array, Object(Closure))
#2 E:\\php\\jframework\\vendor\\illuminate\\database\\Query\\Builder.php(2385): Illuminate\\Database\\Connection->select('select * from `...', Array, true)
#3 E:\\php\\jframework\\vendor\\illuminate\\database\\Query\\Builder.php(2373): Illuminate\\Database\\Query\\Builder->runSelect()
#4 E:\\php\\jframework\\vendor\\illuminate\\database\\Query\\Builder.php(2907): Illuminate\\Database\\Query\\Builder->Illuminate\\Database\\Query\\{closure}()
#5 E:\\php\\jframework\\vendor\\illuminate\\database\\Query\\Builder.php(2374): Illuminate\\Database\\Query\\Builder->onceWithColumns(Array, Object(Closure))
#6 E:\\php\\jframework\\vendor\\illuminate\\database\\Eloquent\\Builder.php(625): Illuminate\\Database\\Query\\Builder->get(Array)
#7 E:\\php\\jframework\\vendor\\illuminate\\database\\Eloquent\\Builder.php(609): Illuminate\\Database\\Eloquent\\Builder->getModels(Array)
#8 E:\\php\\jframework\\vendor\\illuminate\\database\\Eloquent\\Model.php(568): Illuminate\\Database\\Eloquent\\Builder->get(Array)
#9 E:\\php\\jframework\\app\\Services\\UserService.php(12): Illuminate\\Database\\Eloquent\\Model::all()
#10 E:\\php\\jframework\\app\\Controllers\\HomeController.php(25): App\\Services\\UserService->listUser()
#11 E:\\php\\jframework\\vendor\\illuminate\\container\\BoundMethod.php(36): App\\Controllers\\HomeController->list()
#12 E:\\php\\jframework\\vendor\\illuminate\\container\\Util.php(40): Illuminate\\Container\\BoundMethod::Illuminate\\Container\\{closure}()
#13 E:\\php\\jframework\\vendor\\illuminate\\container\\BoundMethod.php(93): Illuminate\\Container\\Util::unwrapIfClosure(Object(Closure))
#14 E:\\php\\jframework\\vendor\\illuminate\\container\\BoundMethod.php(37): Illuminate\\Container\\BoundMethod::callBoundMethod(Object(Laravel\\Lumen\\Application), Array, Object(Closure))
#15 E:\\php\\jframework\\vendor\\illuminate\\container\\Container.php(653): Illuminate\\Container\\BoundMethod::call(Object(Laravel\\Lumen\\Application), Array, Array, NULL)
#16 E:\\php\\jframework\\jframework\\Lumen\\Concerns\\RoutesRequests.php(389): Illuminate\\Container\\Container->call(Array, Array)
#17 E:\\php\\jframework\\jframework\\Lumen\\Concerns\\RoutesRequests.php(355): Laravel\\Lumen\\Application->callControllerCallable(Array, Array)
#18 E:\\php\\jframework\\jframework\\Lumen\\Concerns\\RoutesRequests.php(329): Laravel\\Lumen\\Application->callLumenController(Object(App\\Controllers\\HomeController), 'list', Array)
#19 E:\\php\\jframework\\jframework\\Lumen\\Concerns\\RoutesRequests.php(282): Laravel\\Lumen\\Application->callControllerAction(Array)
#20 E:\\php\\jframework\\jframework\\Lumen\\Concerns\\RoutesRequests.php(267): Laravel\\Lumen\\Application->callActionOnArrayBasedRoute(Array)
#21 E:\\php\\jframework\\jframework\\Lumen\\Concerns\\RoutesRequests.php(169): Laravel\\Lumen\\Application->handleFoundRoute(Array)
#22 E:\\php\\jframework\\jframework\\Lumen\\Concerns\\RoutesRequests.php(429): Laravel\\Lumen\\Application->Laravel\\Lumen\\Concerns\\{closure}(Object(Laravel\\Lumen\\Http\\Request))
#23 E:\\php\\jframework\\jframework\\Lumen\\Concerns\\RoutesRequests.php(175): Laravel\\Lumen\\Application->sendThroughPipeline(Array, Object(Closure))
#24 E:\\php\\jframework\\jframework\\Lumen\\Concerns\\RoutesRequests.php(112): Laravel\\Lumen\\Application->dispatch(NULL)
#25 E:\\php\\jframework\\public\\index.php(28): Laravel\\Lumen\\Application->run()
#26 {main}

[previous exception] [object] (PDOException(code: 42S02): SQLSTATE[42S02]: Base table or view not found: 1146 Table 'demo.posts' doesn't exist at E:\\php\\jframework\\vendor\\illuminate\\database\\Connection.php:368)
[stacktrace]
#0 E:\\php\\jframework\\vendor\\illuminate\\database\\Connection.php(368): PDO->prepare('select * from `...')
#1 E:\\php\\jframework\\vendor\\illuminate\\database\\Connection.php(705): Illuminate\\Database\\Connection->Illuminate\\Database\\{closure}('select * from `...', Array)
#2 E:\\php\\jframework\\vendor\\illuminate\\database\\Connection.php(672): Illuminate\\Database\\Connection->runQueryCallback('select * from `...', Array, Object(Closure))
#3 E:\\php\\jframework\\vendor\\illuminate\\database\\Connection.php(376): Illuminate\\Database\\Connection->run('select * from `...', Array, Object(Closure))
#4 E:\\php\\jframework\\vendor\\illuminate\\database\\Query\\Builder.php(2385): Illuminate\\Database\\Connection->select('select * from `...', Array, true)
#5 E:\\php\\jframework\\vendor\\illuminate\\database\\Query\\Builder.php(2373): Illuminate\\Database\\Query\\Builder->runSelect()
#6 E:\\php\\jframework\\vendor\\illuminate\\database\\Query\\Builder.php(2907): Illuminate\\Database\\Query\\Builder->Illuminate\\Database\\Query\\{closure}()
#7 E:\\php\\jframework\\vendor\\illuminate\\database\\Query\\Builder.php(2374): Illuminate\\Database\\Query\\Builder->onceWithColumns(Array, Object(Closure))
#8 E:\\php\\jframework\\vendor\\illuminate\\database\\Eloquent\\Builder.php(625): Illuminate\\Database\\Query\\Builder->get(Array)
#9 E:\\php\\jframework\\vendor\\illuminate\\database\\Eloquent\\Builder.php(609): Illuminate\\Database\\Eloquent\\Builder->getModels(Array)
#10 E:\\php\\jframework\\vendor\\illuminate\\database\\Eloquent\\Model.php(568): Illuminate\\Database\\Eloquent\\Builder->get(Array)
#11 E:\\php\\jframework\\app\\Services\\UserService.php(12): Illuminate\\Database\\Eloquent\\Model::all()
#12 E:\\php\\jframework\\app\\Controllers\\HomeController.php(25): App\\Services\\UserService->listUser()
#13 E:\\php\\jframework\\vendor\\illuminate\\container\\BoundMethod.php(36): App\\Controllers\\HomeController->list()
#14 E:\\php\\jframework\\vendor\\illuminate\\container\\Util.php(40): Illuminate\\Container\\BoundMethod::Illuminate\\Container\\{closure}()
#15 E:\\php\\jframework\\vendor\\illuminate\\container\\BoundMethod.php(93): Illuminate\\Container\\Util::unwrapIfClosure(Object(Closure))
#16 E:\\php\\jframework\\vendor\\illuminate\\container\\BoundMethod.php(37): Illuminate\\Container\\BoundMethod::callBoundMethod(Object(Laravel\\Lumen\\Application), Array, Object(Closure))
#17 E:\\php\\jframework\\vendor\\illuminate\\container\\Container.php(653): Illuminate\\Container\\BoundMethod::call(Object(Laravel\\Lumen\\Application), Array, Array, NULL)
#18 E:\\php\\jframework\\jframework\\Lumen\\Concerns\\RoutesRequests.php(389): Illuminate\\Container\\Container->call(Array, Array)
#19 E:\\php\\jframework\\jframework\\Lumen\\Concerns\\RoutesRequests.php(355): Laravel\\Lumen\\Application->callControllerCallable(Array, Array)
#20 E:\\php\\jframework\\jframework\\Lumen\\Concerns\\RoutesRequests.php(329): Laravel\\Lumen\\Application->callLumenController(Object(App\\Controllers\\HomeController), 'list', Array)
#21 E:\\php\\jframework\\jframework\\Lumen\\Concerns\\RoutesRequests.php(282): Laravel\\Lumen\\Application->callControllerAction(Array)
#22 E:\\php\\jframework\\jframework\\Lumen\\Concerns\\RoutesRequests.php(267): Laravel\\Lumen\\Application->callActionOnArrayBasedRoute(Array)
#23 E:\\php\\jframework\\jframework\\Lumen\\Concerns\\RoutesRequests.php(169): Laravel\\Lumen\\Application->handleFoundRoute(Array)
#24 E:\\php\\jframework\\jframework\\Lumen\\Concerns\\RoutesRequests.php(429): Laravel\\Lumen\\Application->Laravel\\Lumen\\Concerns\\{closure}(Object(Laravel\\Lumen\\Http\\Request))
#25 E:\\php\\jframework\\jframework\\Lumen\\Concerns\\RoutesRequests.php(175): Laravel\\Lumen\\Application->sendThroughPipeline(Array, Object(Closure))
#26 E:\\php\\jframework\\jframework\\Lumen\\Concerns\\RoutesRequests.php(112): Laravel\\Lumen\\Application->dispatch(NULL)
#27 E:\\php\\jframework\\public\\index.php(28): Laravel\\Lumen\\Application->run()
#28 {main}
"} 
[2022-01-20 14:32:25] laravel.EMERGENCY: Unable to create configured logger. Using emergency logger. {"exception":"[object] (InvalidArgumentException(code: 0): Log [] is not defined. at E:\\php\\jframework\\vendor\\illuminate\\log\\LogManager.php:200)
[stacktrace]
#0 E:\\php\\jframework\\vendor\\illuminate\\log\\LogManager.php(125): Illuminate\\Log\\LogManager->resolve(NULL, NULL)
#1 E:\\php\\jframework\\vendor\\illuminate\\log\\LogManager.php(112): Illuminate\\Log\\LogManager->get(NULL)
#2 E:\\php\\jframework\\vendor\\illuminate\\log\\LogManager.php(590): Illuminate\\Log\\LogManager->driver()
#3 E:\\php\\jframework\\jframework\\Lumen\\Exceptions\\Handler.php(58): Illuminate\\Log\\LogManager->error('Call to undefin...', Array)
#4 E:\\php\\jframework\\app\\Exceptions\\Handler.php(38): Laravel\\Lumen\\Exceptions\\Handler->report(Object(BadMethodCallException))
#5 E:\\php\\jframework\\jframework\\Lumen\\Concerns\\RegistersExceptionHandlers.php(185): App\\Exceptions\\Handler->report(Object(BadMethodCallException))
#6 E:\\php\\jframework\\jframework\\Lumen\\Concerns\\RoutesRequests.php(177): Laravel\\Lumen\\Application->sendExceptionToHandler(Object(BadMethodCallException))
#7 E:\\php\\jframework\\jframework\\Lumen\\Concerns\\RoutesRequests.php(112): Laravel\\Lumen\\Application->dispatch(NULL)
#8 E:\\php\\jframework\\public\\index.php(28): Laravel\\Lumen\\Application->run()
#9 {main}
"} 
[2022-01-20 14:32:25] laravel.ERROR: Call to undefined method Illuminate\Database\Eloquent\Builder::all() {"exception":"[object] (BadMethodCallException(code: 0): Call to undefined method Illuminate\\Database\\Eloquent\\Builder::all() at E:\\php\\jframework\\vendor\\illuminate\\support\\Traits\\ForwardsCalls.php:71)
[stacktrace]
#0 E:\\php\\jframework\\vendor\\illuminate\\support\\Traits\\ForwardsCalls.php(36): Illuminate\\Database\\Eloquent\\Builder::throwBadMethodCallException('all')
#1 E:\\php\\jframework\\vendor\\illuminate\\database\\Eloquent\\Builder.php(1658): Illuminate\\Database\\Eloquent\\Builder->forwardCallTo(Object(Illuminate\\Database\\Query\\Builder), 'all', Array)
#2 E:\\php\\jframework\\app\\Services\\UserService.php(12): Illuminate\\Database\\Eloquent\\Builder->__call('all', Array)
#3 E:\\php\\jframework\\app\\Controllers\\HomeController.php(25): App\\Services\\UserService->listUser()
#4 E:\\php\\jframework\\vendor\\illuminate\\container\\BoundMethod.php(36): App\\Controllers\\HomeController->list()
#5 E:\\php\\jframework\\vendor\\illuminate\\container\\Util.php(40): Illuminate\\Container\\BoundMethod::Illuminate\\Container\\{closure}()
#6 E:\\php\\jframework\\vendor\\illuminate\\container\\BoundMethod.php(93): Illuminate\\Container\\Util::unwrapIfClosure(Object(Closure))
#7 E:\\php\\jframework\\vendor\\illuminate\\container\\BoundMethod.php(37): Illuminate\\Container\\BoundMethod::callBoundMethod(Object(Laravel\\Lumen\\Application), Array, Object(Closure))
#8 E:\\php\\jframework\\vendor\\illuminate\\container\\Container.php(653): Illuminate\\Container\\BoundMethod::call(Object(Laravel\\Lumen\\Application), Array, Array, NULL)
#9 E:\\php\\jframework\\jframework\\Lumen\\Concerns\\RoutesRequests.php(389): Illuminate\\Container\\Container->call(Array, Array)
#10 E:\\php\\jframework\\jframework\\Lumen\\Concerns\\RoutesRequests.php(355): Laravel\\Lumen\\Application->callControllerCallable(Array, Array)
#11 E:\\php\\jframework\\jframework\\Lumen\\Concerns\\RoutesRequests.php(329): Laravel\\Lumen\\Application->callLumenController(Object(App\\Controllers\\HomeController), 'list', Array)
#12 E:\\php\\jframework\\jframework\\Lumen\\Concerns\\RoutesRequests.php(282): Laravel\\Lumen\\Application->callControllerAction(Array)
#13 E:\\php\\jframework\\jframework\\Lumen\\Concerns\\RoutesRequests.php(267): Laravel\\Lumen\\Application->callActionOnArrayBasedRoute(Array)
#14 E:\\php\\jframework\\jframework\\Lumen\\Concerns\\RoutesRequests.php(169): Laravel\\Lumen\\Application->handleFoundRoute(Array)
#15 E:\\php\\jframework\\jframework\\Lumen\\Concerns\\RoutesRequests.php(429): Laravel\\Lumen\\Application->Laravel\\Lumen\\Concerns\\{closure}(Object(Laravel\\Lumen\\Http\\Request))
#16 E:\\php\\jframework\\jframework\\Lumen\\Concerns\\RoutesRequests.php(175): Laravel\\Lumen\\Application->sendThroughPipeline(Array, Object(Closure))
#17 E:\\php\\jframework\\jframework\\Lumen\\Concerns\\RoutesRequests.php(112): Laravel\\Lumen\\Application->dispatch(NULL)
#18 E:\\php\\jframework\\public\\index.php(28): Laravel\\Lumen\\Application->run()
#19 {main}
"} 
[2022-01-20 14:35:10] laravel.EMERGENCY: Unable to create configured logger. Using emergency logger. {"exception":"[object] (InvalidArgumentException(code: 0): Log [] is not defined. at E:\\php\\jframework\\vendor\\illuminate\\log\\LogManager.php:200)
[stacktrace]
#0 E:\\php\\jframework\\vendor\\illuminate\\log\\LogManager.php(125): Illuminate\\Log\\LogManager->resolve(NULL, NULL)
#1 E:\\php\\jframework\\vendor\\illuminate\\log\\LogManager.php(112): Illuminate\\Log\\LogManager->get(NULL)
#2 E:\\php\\jframework\\vendor\\illuminate\\log\\LogManager.php(590): Illuminate\\Log\\LogManager->driver()
#3 E:\\php\\jframework\\jframework\\Lumen\\Exceptions\\Handler.php(58): Illuminate\\Log\\LogManager->error('Class 'Illumina...', Array)
#4 E:\\php\\jframework\\app\\Exceptions\\Handler.php(38): Laravel\\Lumen\\Exceptions\\Handler->report(Object(Error))
#5 E:\\php\\jframework\\jframework\\Lumen\\Concerns\\RegistersExceptionHandlers.php(185): App\\Exceptions\\Handler->report(Object(Error))
#6 E:\\php\\jframework\\jframework\\Lumen\\Concerns\\RoutesRequests.php(177): Laravel\\Lumen\\Application->sendExceptionToHandler(Object(Error))
#7 E:\\php\\jframework\\jframework\\Lumen\\Concerns\\RoutesRequests.php(112): Laravel\\Lumen\\Application->dispatch(NULL)
#8 E:\\php\\jframework\\public\\index.php(28): Laravel\\Lumen\\Application->run()
#9 {main}
"} 
[2022-01-20 14:35:10] laravel.ERROR: Class 'Illuminate\Pagination\Paginator' not found {"exception":"[object] (Error(code: 0): Class 'Illuminate\\Pagination\\Paginator' not found at E:\\php\\jframework\\vendor\\illuminate\\database\\Query\\Builder.php:2400)
[stacktrace]
#0 E:\\php\\jframework\\app\\Services\\UserService.php(11): Illuminate\\Database\\Query\\Builder->paginate(5)
#1 E:\\php\\jframework\\app\\Controllers\\HomeController.php(25): App\\Services\\UserService->listUser()
#2 E:\\php\\jframework\\vendor\\illuminate\\container\\BoundMethod.php(36): App\\Controllers\\HomeController->list()
#3 E:\\php\\jframework\\vendor\\illuminate\\container\\Util.php(40): Illuminate\\Container\\BoundMethod::Illuminate\\Container\\{closure}()
#4 E:\\php\\jframework\\vendor\\illuminate\\container\\BoundMethod.php(93): Illuminate\\Container\\Util::unwrapIfClosure(Object(Closure))
#5 E:\\php\\jframework\\vendor\\illuminate\\container\\BoundMethod.php(37): Illuminate\\Container\\BoundMethod::callBoundMethod(Object(Laravel\\Lumen\\Application), Array, Object(Closure))
#6 E:\\php\\jframework\\vendor\\illuminate\\container\\Container.php(653): Illuminate\\Container\\BoundMethod::call(Object(Laravel\\Lumen\\Application), Array, Array, NULL)
#7 E:\\php\\jframework\\jframework\\Lumen\\Concerns\\RoutesRequests.php(389): Illuminate\\Container\\Container->call(Array, Array)
#8 E:\\php\\jframework\\jframework\\Lumen\\Concerns\\RoutesRequests.php(355): Laravel\\Lumen\\Application->callControllerCallable(Array, Array)
#9 E:\\php\\jframework\\jframework\\Lumen\\Concerns\\RoutesRequests.php(329): Laravel\\Lumen\\Application->callLumenController(Object(App\\Controllers\\HomeController), 'list', Array)
#10 E:\\php\\jframework\\jframework\\Lumen\\Concerns\\RoutesRequests.php(282): Laravel\\Lumen\\Application->callControllerAction(Array)
#11 E:\\php\\jframework\\jframework\\Lumen\\Concerns\\RoutesRequests.php(267): Laravel\\Lumen\\Application->callActionOnArrayBasedRoute(Array)
#12 E:\\php\\jframework\\jframework\\Lumen\\Concerns\\RoutesRequests.php(169): Laravel\\Lumen\\Application->handleFoundRoute(Array)
#13 E:\\php\\jframework\\jframework\\Lumen\\Concerns\\RoutesRequests.php(429): Laravel\\Lumen\\Application->Laravel\\Lumen\\Concerns\\{closure}(Object(Laravel\\Lumen\\Http\\Request))
#14 E:\\php\\jframework\\jframework\\Lumen\\Concerns\\RoutesRequests.php(175): Laravel\\Lumen\\Application->sendThroughPipeline(Array, Object(Closure))
#15 E:\\php\\jframework\\jframework\\Lumen\\Concerns\\RoutesRequests.php(112): Laravel\\Lumen\\Application->dispatch(NULL)
#16 E:\\php\\jframework\\public\\index.php(28): Laravel\\Lumen\\Application->run()
#17 {main}
"} 
[2022-01-20 14:35:27] laravel.EMERGENCY: Unable to create configured logger. Using emergency logger. {"exception":"[object] (InvalidArgumentException(code: 0): Log [] is not defined. at E:\\php\\jframework\\vendor\\illuminate\\log\\LogManager.php:200)
[stacktrace]
#0 E:\\php\\jframework\\vendor\\illuminate\\log\\LogManager.php(125): Illuminate\\Log\\LogManager->resolve(NULL, NULL)
#1 E:\\php\\jframework\\vendor\\illuminate\\log\\LogManager.php(112): Illuminate\\Log\\LogManager->get(NULL)
#2 E:\\php\\jframework\\vendor\\illuminate\\log\\LogManager.php(590): Illuminate\\Log\\LogManager->driver()
#3 E:\\php\\jframework\\jframework\\Lumen\\Exceptions\\Handler.php(58): Illuminate\\Log\\LogManager->error('Argument 1 pass...', Array)
#4 E:\\php\\jframework\\app\\Exceptions\\Handler.php(38): Laravel\\Lumen\\Exceptions\\Handler->report(Object(TypeError))
#5 E:\\php\\jframework\\jframework\\Lumen\\Concerns\\RegistersExceptionHandlers.php(185): App\\Exceptions\\Handler->report(Object(TypeError))
#6 E:\\php\\jframework\\jframework\\Lumen\\Concerns\\RoutesRequests.php(177): Laravel\\Lumen\\Application->sendExceptionToHandler(Object(TypeError))
#7 E:\\php\\jframework\\jframework\\Lumen\\Concerns\\RoutesRequests.php(112): Laravel\\Lumen\\Application->dispatch(NULL)
#8 E:\\php\\jframework\\public\\index.php(28): Laravel\\Lumen\\Application->run()
#9 {main}
"} 
[2022-01-20 14:35:27] laravel.ERROR: Argument 1 passed to Symfony\Component\HttpFoundation\Response::setContent() must be of the type string or null, object given, called in E:\php\jframework\vendor\illuminate\http\Response.php on line 72 {"exception":"[object] (TypeError(code: 0): Argument 1 passed to Symfony\\Component\\HttpFoundation\\Response::setContent() must be of the type string or null, object given, called in E:\\php\\jframework\\vendor\\illuminate\\http\\Response.php on line 72 at E:\\php\\jframework\\vendor\\symfony\\http-foundation\\Response.php:412)
[stacktrace]
#0 E:\\php\\jframework\\vendor\\illuminate\\http\\Response.php(72): Symfony\\Component\\HttpFoundation\\Response->setContent(Object(Illuminate\\Database\\Query\\Builder))
#1 E:\\php\\jframework\\vendor\\illuminate\\http\\Response.php(35): Illuminate\\Http\\Response->setContent(Object(Illuminate\\Database\\Query\\Builder))
#2 E:\\php\\jframework\\jframework\\Lumen\\Http\\ResponseFactory.php(26): Illuminate\\Http\\Response->__construct(Object(Illuminate\\Database\\Query\\Builder), 200, Array)
#3 E:\\php\\jframework\\jframework\\Lumen\\helpers.php(297): Laravel\\Lumen\\Http\\ResponseFactory->make(Object(Illuminate\\Database\\Query\\Builder), 200, Array)
#4 E:\\php\\jframework\\app\\Controllers\\HomeController.php(25): response(Object(Illuminate\\Database\\Query\\Builder))
#5 E:\\php\\jframework\\vendor\\illuminate\\container\\BoundMethod.php(36): App\\Controllers\\HomeController->list()
#6 E:\\php\\jframework\\vendor\\illuminate\\container\\Util.php(40): Illuminate\\Container\\BoundMethod::Illuminate\\Container\\{closure}()
#7 E:\\php\\jframework\\vendor\\illuminate\\container\\BoundMethod.php(93): Illuminate\\Container\\Util::unwrapIfClosure(Object(Closure))
#8 E:\\php\\jframework\\vendor\\illuminate\\container\\BoundMethod.php(37): Illuminate\\Container\\BoundMethod::callBoundMethod(Object(Laravel\\Lumen\\Application), Array, Object(Closure))
#9 E:\\php\\jframework\\vendor\\illuminate\\container\\Container.php(653): Illuminate\\Container\\BoundMethod::call(Object(Laravel\\Lumen\\Application), Array, Array, NULL)
#10 E:\\php\\jframework\\jframework\\Lumen\\Concerns\\RoutesRequests.php(389): Illuminate\\Container\\Container->call(Array, Array)
#11 E:\\php\\jframework\\jframework\\Lumen\\Concerns\\RoutesRequests.php(355): Laravel\\Lumen\\Application->callControllerCallable(Array, Array)
#12 E:\\php\\jframework\\jframework\\Lumen\\Concerns\\RoutesRequests.php(329): Laravel\\Lumen\\Application->callLumenController(Object(App\\Controllers\\HomeController), 'list', Array)
#13 E:\\php\\jframework\\jframework\\Lumen\\Concerns\\RoutesRequests.php(282): Laravel\\Lumen\\Application->callControllerAction(Array)
#14 E:\\php\\jframework\\jframework\\Lumen\\Concerns\\RoutesRequests.php(267): Laravel\\Lumen\\Application->callActionOnArrayBasedRoute(Array)
#15 E:\\php\\jframework\\jframework\\Lumen\\Concerns\\RoutesRequests.php(169): Laravel\\Lumen\\Application->handleFoundRoute(Array)
#16 E:\\php\\jframework\\jframework\\Lumen\\Concerns\\RoutesRequests.php(429): Laravel\\Lumen\\Application->Laravel\\Lumen\\Concerns\\{closure}(Object(Laravel\\Lumen\\Http\\Request))
#17 E:\\php\\jframework\\jframework\\Lumen\\Concerns\\RoutesRequests.php(175): Laravel\\Lumen\\Application->sendThroughPipeline(Array, Object(Closure))
#18 E:\\php\\jframework\\jframework\\Lumen\\Concerns\\RoutesRequests.php(112): Laravel\\Lumen\\Application->dispatch(NULL)
#19 E:\\php\\jframework\\public\\index.php(28): Laravel\\Lumen\\Application->run()
#20 {main}
"} 
