[2022-01-02 04:51:52] production.ERROR: Target [Illuminate\Contracts\Cache\Factory] is not instantiable while building [Illuminate\Console\Scheduling\CacheEventMutex]. {"exception":"[object] (Illuminate\\Contracts\\Container\\BindingResolutionException(code: 0): Target [Illuminate\\Contracts\\Cache\\Factory] is not instantiable while building [Illuminate\\Console\\Scheduling\\CacheEventMutex]. at E:\\php\\jframework\\vendor\\illuminate\\container\\Container.php:1093)
[stacktrace]
#0 E:\\php\\jframework\\vendor\\illuminate\\container\\Container.php(886): Illuminate\\Container\\Container->notInstantiable('Illuminate\\\\Cont...')
#1 E:\\php\\jframework\\vendor\\illuminate\\container\\Container.php(758): Illuminate\\Container\\Container->build('Illuminate\\\\Cont...')
#2 E:\\php\\jframework\\vendor\\illuminate\\container\\Container.php(694): Illuminate\\Container\\Container->resolve('Illuminate\\\\Cont...', Array)
#3 E:\\php\\jframework\\jframework\\Lumen\\Application.php(291): Illuminate\\Container\\Container->make('Illuminate\\\\Cont...', Array)
#4 E:\\php\\jframework\\vendor\\illuminate\\container\\Container.php(1031): Laravel\\Lumen\\Application->make('Illuminate\\\\Cont...')
#5 E:\\php\\jframework\\vendor\\illuminate\\container\\Container.php(951): Illuminate\\Container\\Container->resolveClass(Object(ReflectionParameter))
#6 E:\\php\\jframework\\vendor\\illuminate\\container\\Container.php(912): Illuminate\\Container\\Container->resolveDependencies(Array)
#7 E:\\php\\jframework\\vendor\\illuminate\\container\\Container.php(758): Illuminate\\Container\\Container->build('Illuminate\\\\Cons...')
#8 E:\\php\\jframework\\vendor\\illuminate\\container\\Container.php(694): Illuminate\\Container\\Container->resolve('Illuminate\\\\Cons...', Array)
#9 E:\\php\\jframework\\jframework\\Lumen\\Application.php(291): Illuminate\\Container\\Container->make('Illuminate\\\\Cons...', Array)
#10 E:\\php\\jframework\\vendor\\illuminate\\console\\Scheduling\\Schedule.php(90): Laravel\\Lumen\\Application->make('Illuminate\\\\Cons...')
#11 E:\\php\\jframework\\jframework\\Lumen\\Console\\Kernel.php(98): Illuminate\\Console\\Scheduling\\Schedule->__construct()
#12 E:\\php\\jframework\\jframework\\Lumen\\Console\\Kernel.php(61): Laravel\\Lumen\\Console\\Kernel->defineConsoleSchedule()
#13 [internal function]: Laravel\\Lumen\\Console\\Kernel->__construct(Object(Laravel\\Lumen\\Application))
#14 E:\\php\\jframework\\vendor\\illuminate\\container\\Container.php(921): ReflectionClass->newInstanceArgs(Array)
#15 E:\\php\\jframework\\vendor\\illuminate\\container\\Container.php(758): Illuminate\\Container\\Container->build('App\\\\Console\\\\Ker...')
#16 E:\\php\\jframework\\vendor\\illuminate\\container\\Container.php(296): Illuminate\\Container\\Container->resolve('App\\\\Console\\\\Ker...', Array, false)
#17 E:\\php\\jframework\\vendor\\illuminate\\container\\Container.php(873): Illuminate\\Container\\Container->Illuminate\\Container\\{closure}(Object(Laravel\\Lumen\\Application), Array)
#18 E:\\php\\jframework\\vendor\\illuminate\\container\\Container.php(758): Illuminate\\Container\\Container->build(Object(Closure))
#19 E:\\php\\jframework\\vendor\\illuminate\\container\\Container.php(694): Illuminate\\Container\\Container->resolve('Illuminate\\\\Cont...', Array)
#20 E:\\php\\jframework\\jframework\\Lumen\\Application.php(291): Illuminate\\Container\\Container->make('Illuminate\\\\Cont...', Array)
#21 E:\\php\\jframework\\artisan(32): Laravel\\Lumen\\Application->make('Illuminate\\\\Cont...')
#22 {main}
"} 
[2022-01-02 04:55:21] production.ERROR: Target [Illuminate\Contracts\Cache\Factory] is not instantiable while building [Illuminate\Console\Scheduling\CacheEventMutex]. {"exception":"[object] (Illuminate\\Contracts\\Container\\BindingResolutionException(code: 0): Target [Illuminate\\Contracts\\Cache\\Factory] is not instantiable while building [Illuminate\\Console\\Scheduling\\CacheEventMutex]. at E:\\php\\jframework\\vendor\\illuminate\\container\\Container.php:1093)
[stacktrace]
#0 E:\\php\\jframework\\vendor\\illuminate\\container\\Container.php(886): Illuminate\\Container\\Container->notInstantiable('Illuminate\\\\Cont...')
#1 E:\\php\\jframework\\vendor\\illuminate\\container\\Container.php(758): Illuminate\\Container\\Container->build('Illuminate\\\\Cont...')
#2 E:\\php\\jframework\\vendor\\illuminate\\container\\Container.php(694): Illuminate\\Container\\Container->resolve('Illuminate\\\\Cont...', Array)
#3 E:\\php\\jframework\\jframework\\Lumen\\Application.php(287): Illuminate\\Container\\Container->make('Illuminate\\\\Cont...', Array)
#4 E:\\php\\jframework\\vendor\\illuminate\\container\\Container.php(1031): Laravel\\Lumen\\Application->make('Illuminate\\\\Cont...')
#5 E:\\php\\jframework\\vendor\\illuminate\\container\\Container.php(951): Illuminate\\Container\\Container->resolveClass(Object(ReflectionParameter))
#6 E:\\php\\jframework\\vendor\\illuminate\\container\\Container.php(912): Illuminate\\Container\\Container->resolveDependencies(Array)
#7 E:\\php\\jframework\\vendor\\illuminate\\container\\Container.php(758): Illuminate\\Container\\Container->build('Illuminate\\\\Cons...')
#8 E:\\php\\jframework\\vendor\\illuminate\\container\\Container.php(694): Illuminate\\Container\\Container->resolve('Illuminate\\\\Cons...', Array)
#9 E:\\php\\jframework\\jframework\\Lumen\\Application.php(287): Illuminate\\Container\\Container->make('Illuminate\\\\Cons...', Array)
#10 E:\\php\\jframework\\vendor\\illuminate\\console\\Scheduling\\Schedule.php(90): Laravel\\Lumen\\Application->make('Illuminate\\\\Cons...')
#11 E:\\php\\jframework\\jframework\\Lumen\\Console\\Kernel.php(98): Illuminate\\Console\\Scheduling\\Schedule->__construct()
#12 E:\\php\\jframework\\jframework\\Lumen\\Console\\Kernel.php(61): Laravel\\Lumen\\Console\\Kernel->defineConsoleSchedule()
#13 [internal function]: Laravel\\Lumen\\Console\\Kernel->__construct(Object(Laravel\\Lumen\\Application))
#14 E:\\php\\jframework\\vendor\\illuminate\\container\\Container.php(921): ReflectionClass->newInstanceArgs(Array)
#15 E:\\php\\jframework\\vendor\\illuminate\\container\\Container.php(758): Illuminate\\Container\\Container->build('App\\\\Console\\\\Ker...')
#16 E:\\php\\jframework\\vendor\\illuminate\\container\\Container.php(296): Illuminate\\Container\\Container->resolve('App\\\\Console\\\\Ker...', Array, false)
#17 E:\\php\\jframework\\vendor\\illuminate\\container\\Container.php(873): Illuminate\\Container\\Container->Illuminate\\Container\\{closure}(Object(Laravel\\Lumen\\Application), Array)
#18 E:\\php\\jframework\\vendor\\illuminate\\container\\Container.php(758): Illuminate\\Container\\Container->build(Object(Closure))
#19 E:\\php\\jframework\\vendor\\illuminate\\container\\Container.php(694): Illuminate\\Container\\Container->resolve('Illuminate\\\\Cont...', Array)
#20 E:\\php\\jframework\\jframework\\Lumen\\Application.php(287): Illuminate\\Container\\Container->make('Illuminate\\\\Cont...', Array)
#21 E:\\php\\jframework\\artisan(32): Laravel\\Lumen\\Application->make('Illuminate\\\\Cont...')
#22 {main}
"} 
[2022-01-02 05:01:18] production.ERROR: Target [Illuminate\Contracts\Cache\Factory] is not instantiable while building [Illuminate\Console\Scheduling\CacheEventMutex]. {"exception":"[object] (Illuminate\\Contracts\\Container\\BindingResolutionException(code: 0): Target [Illuminate\\Contracts\\Cache\\Factory] is not instantiable while building [Illuminate\\Console\\Scheduling\\CacheEventMutex]. at E:\\php\\jframework\\vendor\\illuminate\\container\\Container.php:1093)
[stacktrace]
#0 E:\\php\\jframework\\vendor\\illuminate\\container\\Container.php(886): Illuminate\\Container\\Container->notInstantiable('Illuminate\\\\Cont...')
#1 E:\\php\\jframework\\vendor\\illuminate\\container\\Container.php(758): Illuminate\\Container\\Container->build('Illuminate\\\\Cont...')
#2 E:\\php\\jframework\\vendor\\illuminate\\container\\Container.php(694): Illuminate\\Container\\Container->resolve('Illuminate\\\\Cont...', Array)
#3 E:\\php\\jframework\\jframework\\Lumen\\Application.php(287): Illuminate\\Container\\Container->make('Illuminate\\\\Cont...', Array)
#4 E:\\php\\jframework\\vendor\\illuminate\\container\\Container.php(1031): Laravel\\Lumen\\Application->make('Illuminate\\\\Cont...')
#5 E:\\php\\jframework\\vendor\\illuminate\\container\\Container.php(951): Illuminate\\Container\\Container->resolveClass(Object(ReflectionParameter))
#6 E:\\php\\jframework\\vendor\\illuminate\\container\\Container.php(912): Illuminate\\Container\\Container->resolveDependencies(Array)
#7 E:\\php\\jframework\\vendor\\illuminate\\container\\Container.php(758): Illuminate\\Container\\Container->build('Illuminate\\\\Cons...')
#8 E:\\php\\jframework\\vendor\\illuminate\\container\\Container.php(694): Illuminate\\Container\\Container->resolve('Illuminate\\\\Cons...', Array)
#9 E:\\php\\jframework\\jframework\\Lumen\\Application.php(287): Illuminate\\Container\\Container->make('Illuminate\\\\Cons...', Array)
#10 E:\\php\\jframework\\vendor\\illuminate\\console\\Scheduling\\Schedule.php(90): Laravel\\Lumen\\Application->make('Illuminate\\\\Cons...')
#11 E:\\php\\jframework\\jframework\\Lumen\\Console\\Kernel.php(98): Illuminate\\Console\\Scheduling\\Schedule->__construct()
#12 E:\\php\\jframework\\jframework\\Lumen\\Console\\Kernel.php(61): Laravel\\Lumen\\Console\\Kernel->defineConsoleSchedule()
#13 [internal function]: Laravel\\Lumen\\Console\\Kernel->__construct(Object(Laravel\\Lumen\\Application))
#14 E:\\php\\jframework\\vendor\\illuminate\\container\\Container.php(921): ReflectionClass->newInstanceArgs(Array)
#15 E:\\php\\jframework\\vendor\\illuminate\\container\\Container.php(758): Illuminate\\Container\\Container->build('App\\\\Console\\\\Ker...')
#16 E:\\php\\jframework\\vendor\\illuminate\\container\\Container.php(296): Illuminate\\Container\\Container->resolve('App\\\\Console\\\\Ker...', Array, false)
#17 E:\\php\\jframework\\vendor\\illuminate\\container\\Container.php(873): Illuminate\\Container\\Container->Illuminate\\Container\\{closure}(Object(Laravel\\Lumen\\Application), Array)
#18 E:\\php\\jframework\\vendor\\illuminate\\container\\Container.php(758): Illuminate\\Container\\Container->build(Object(Closure))
#19 E:\\php\\jframework\\vendor\\illuminate\\container\\Container.php(694): Illuminate\\Container\\Container->resolve('Illuminate\\\\Cont...', Array)
#20 E:\\php\\jframework\\jframework\\Lumen\\Application.php(287): Illuminate\\Container\\Container->make('Illuminate\\\\Cont...', Array)
#21 E:\\php\\jframework\\artisan(32): Laravel\\Lumen\\Application->make('Illuminate\\\\Cont...')
#22 {main}
"} 
[2022-01-02 05:01:45] production.ERROR: Target [Illuminate\Contracts\Cache\Factory] is not instantiable while building [Illuminate\Console\Scheduling\CacheEventMutex]. {"exception":"[object] (Illuminate\\Contracts\\Container\\BindingResolutionException(code: 0): Target [Illuminate\\Contracts\\Cache\\Factory] is not instantiable while building [Illuminate\\Console\\Scheduling\\CacheEventMutex]. at E:\\php\\jframework\\vendor\\illuminate\\container\\Container.php:1093)
[stacktrace]
#0 E:\\php\\jframework\\vendor\\illuminate\\container\\Container.php(886): Illuminate\\Container\\Container->notInstantiable('Illuminate\\\\Cont...')
#1 E:\\php\\jframework\\vendor\\illuminate\\container\\Container.php(758): Illuminate\\Container\\Container->build('Illuminate\\\\Cont...')
#2 E:\\php\\jframework\\vendor\\illuminate\\container\\Container.php(694): Illuminate\\Container\\Container->resolve('Illuminate\\\\Cont...', Array)
#3 E:\\php\\jframework\\jframework\\Lumen\\Application.php(287): Illuminate\\Container\\Container->make('Illuminate\\\\Cont...', Array)
#4 E:\\php\\jframework\\vendor\\illuminate\\container\\Container.php(1031): Laravel\\Lumen\\Application->make('Illuminate\\\\Cont...')
#5 E:\\php\\jframework\\vendor\\illuminate\\container\\Container.php(951): Illuminate\\Container\\Container->resolveClass(Object(ReflectionParameter))
#6 E:\\php\\jframework\\vendor\\illuminate\\container\\Container.php(912): Illuminate\\Container\\Container->resolveDependencies(Array)
#7 E:\\php\\jframework\\vendor\\illuminate\\container\\Container.php(758): Illuminate\\Container\\Container->build('Illuminate\\\\Cons...')
#8 E:\\php\\jframework\\vendor\\illuminate\\container\\Container.php(694): Illuminate\\Container\\Container->resolve('Illuminate\\\\Cons...', Array)
#9 E:\\php\\jframework\\jframework\\Lumen\\Application.php(287): Illuminate\\Container\\Container->make('Illuminate\\\\Cons...', Array)
#10 E:\\php\\jframework\\vendor\\illuminate\\console\\Scheduling\\Schedule.php(90): Laravel\\Lumen\\Application->make('Illuminate\\\\Cons...')
#11 E:\\php\\jframework\\jframework\\Lumen\\Console\\Kernel.php(98): Illuminate\\Console\\Scheduling\\Schedule->__construct()
#12 E:\\php\\jframework\\jframework\\Lumen\\Console\\Kernel.php(61): Laravel\\Lumen\\Console\\Kernel->defineConsoleSchedule()
#13 [internal function]: Laravel\\Lumen\\Console\\Kernel->__construct(Object(Laravel\\Lumen\\Application))
#14 E:\\php\\jframework\\vendor\\illuminate\\container\\Container.php(921): ReflectionClass->newInstanceArgs(Array)
#15 E:\\php\\jframework\\vendor\\illuminate\\container\\Container.php(758): Illuminate\\Container\\Container->build('App\\\\Console\\\\Ker...')
#16 E:\\php\\jframework\\vendor\\illuminate\\container\\Container.php(296): Illuminate\\Container\\Container->resolve('App\\\\Console\\\\Ker...', Array, false)
#17 E:\\php\\jframework\\vendor\\illuminate\\container\\Container.php(873): Illuminate\\Container\\Container->Illuminate\\Container\\{closure}(Object(Laravel\\Lumen\\Application), Array)
#18 E:\\php\\jframework\\vendor\\illuminate\\container\\Container.php(758): Illuminate\\Container\\Container->build(Object(Closure))
#19 E:\\php\\jframework\\vendor\\illuminate\\container\\Container.php(694): Illuminate\\Container\\Container->resolve('Illuminate\\\\Cont...', Array)
#20 E:\\php\\jframework\\jframework\\Lumen\\Application.php(287): Illuminate\\Container\\Container->make('Illuminate\\\\Cont...', Array)
#21 E:\\php\\jframework\\artisan(32): Laravel\\Lumen\\Application->make('Illuminate\\\\Cont...')
#22 {main}
"} 
[2022-01-02 05:03:09] production.ERROR: Target class [composer] does not exist. {"exception":"[object] (Illuminate\\Contracts\\Container\\BindingResolutionException(code: 0): Target class [composer] does not exist. at E:\\php\\jframework\\vendor\\illuminate\\container\\Container.php:879)
[stacktrace]
#0 E:\\php\\jframework\\vendor\\illuminate\\container\\Container.php(758): Illuminate\\Container\\Container->build('composer')
#1 E:\\php\\jframework\\vendor\\illuminate\\container\\Container.php(694): Illuminate\\Container\\Container->resolve('composer', Array)
#2 E:\\php\\jframework\\jframework\\Lumen\\Application.php(287): Illuminate\\Container\\Container->make('composer', Array)
#3 E:\\php\\jframework\\vendor\\illuminate\\container\\Container.php(1423): Laravel\\Lumen\\Application->make('composer')
#4 E:\\php\\jframework\\jframework\\Lumen\\Console\\ConsoleServiceProvider.php(109): Illuminate\\Container\\Container->offsetGet('composer')
#5 E:\\php\\jframework\\vendor\\illuminate\\container\\Container.php(873): Laravel\\Lumen\\Console\\ConsoleServiceProvider->Laravel\\Lumen\\Console\\{closure}(Object(Laravel\\Lumen\\Application), Array)
#6 E:\\php\\jframework\\vendor\\illuminate\\container\\Container.php(758): Illuminate\\Container\\Container->build(Object(Closure))
#7 E:\\php\\jframework\\vendor\\illuminate\\container\\Container.php(694): Illuminate\\Container\\Container->resolve('command.migrate...', Array)
#8 E:\\php\\jframework\\jframework\\Lumen\\Application.php(287): Illuminate\\Container\\Container->make('command.migrate...', Array)
#9 E:\\php\\jframework\\vendor\\illuminate\\console\\Application.php(262): Laravel\\Lumen\\Application->make('command.migrate...')
#10 E:\\php\\jframework\\vendor\\illuminate\\console\\Application.php(276): Illuminate\\Console\\Application->resolve('command.migrate...')
#11 E:\\php\\jframework\\vendor\\illuminate\\support\\ServiceProvider.php(404): Illuminate\\Console\\Application->resolveCommands(Array)
#12 E:\\php\\jframework\\vendor\\illuminate\\console\\Application.php(153): Illuminate\\Support\\ServiceProvider->Illuminate\\Support\\{closure}(Object(Illuminate\\Console\\Application))
#13 E:\\php\\jframework\\vendor\\illuminate\\console\\Application.php(74): Illuminate\\Console\\Application->bootstrap()
#14 E:\\php\\jframework\\jframework\\Lumen\\Console\\Kernel.php(185): Illuminate\\Console\\Application->__construct(Object(Laravel\\Lumen\\Application), Object(Illuminate\\Events\\Dispatcher), 'Lumen (8.3.4) (...')
#15 E:\\php\\jframework\\jframework\\Lumen\\Console\\Kernel.php(101): Laravel\\Lumen\\Console\\Kernel->getArtisan()
#16 E:\\php\\jframework\\artisan(35): Laravel\\Lumen\\Console\\Kernel->handle(Object(Symfony\\Component\\Console\\Input\\ArgvInput), Object(Symfony\\Component\\Console\\Output\\ConsoleOutput))
#17 {main}

[previous exception] [object] (ReflectionException(code: -1): Class composer does not exist at E:\\php\\jframework\\vendor\\illuminate\\container\\Container.php:877)
[stacktrace]
#0 E:\\php\\jframework\\vendor\\illuminate\\container\\Container.php(877): ReflectionClass->__construct('composer')
#1 E:\\php\\jframework\\vendor\\illuminate\\container\\Container.php(758): Illuminate\\Container\\Container->build('composer')
#2 E:\\php\\jframework\\vendor\\illuminate\\container\\Container.php(694): Illuminate\\Container\\Container->resolve('composer', Array)
#3 E:\\php\\jframework\\jframework\\Lumen\\Application.php(287): Illuminate\\Container\\Container->make('composer', Array)
#4 E:\\php\\jframework\\vendor\\illuminate\\container\\Container.php(1423): Laravel\\Lumen\\Application->make('composer')
#5 E:\\php\\jframework\\jframework\\Lumen\\Console\\ConsoleServiceProvider.php(109): Illuminate\\Container\\Container->offsetGet('composer')
#6 E:\\php\\jframework\\vendor\\illuminate\\container\\Container.php(873): Laravel\\Lumen\\Console\\ConsoleServiceProvider->Laravel\\Lumen\\Console\\{closure}(Object(Laravel\\Lumen\\Application), Array)
#7 E:\\php\\jframework\\vendor\\illuminate\\container\\Container.php(758): Illuminate\\Container\\Container->build(Object(Closure))
#8 E:\\php\\jframework\\vendor\\illuminate\\container\\Container.php(694): Illuminate\\Container\\Container->resolve('command.migrate...', Array)
#9 E:\\php\\jframework\\jframework\\Lumen\\Application.php(287): Illuminate\\Container\\Container->make('command.migrate...', Array)
#10 E:\\php\\jframework\\vendor\\illuminate\\console\\Application.php(262): Laravel\\Lumen\\Application->make('command.migrate...')
#11 E:\\php\\jframework\\vendor\\illuminate\\console\\Application.php(276): Illuminate\\Console\\Application->resolve('command.migrate...')
#12 E:\\php\\jframework\\vendor\\illuminate\\support\\ServiceProvider.php(404): Illuminate\\Console\\Application->resolveCommands(Array)
#13 E:\\php\\jframework\\vendor\\illuminate\\console\\Application.php(153): Illuminate\\Support\\ServiceProvider->Illuminate\\Support\\{closure}(Object(Illuminate\\Console\\Application))
#14 E:\\php\\jframework\\vendor\\illuminate\\console\\Application.php(74): Illuminate\\Console\\Application->bootstrap()
#15 E:\\php\\jframework\\jframework\\Lumen\\Console\\Kernel.php(185): Illuminate\\Console\\Application->__construct(Object(Laravel\\Lumen\\Application), Object(Illuminate\\Events\\Dispatcher), 'Lumen (8.3.4) (...')
#16 E:\\php\\jframework\\jframework\\Lumen\\Console\\Kernel.php(101): Laravel\\Lumen\\Console\\Kernel->getArtisan()
#17 E:\\php\\jframework\\artisan(35): Laravel\\Lumen\\Console\\Kernel->handle(Object(Symfony\\Component\\Console\\Input\\ArgvInput), Object(Symfony\\Component\\Console\\Output\\ConsoleOutput))
#18 {main}
"} 
[2022-01-02 05:04:48] production.ERROR: SQLSTATE[42S01]: Base table or view already exists: 1050 Table 'migrations' already exists (SQL: create table `migrations` (`id` int unsigned not null auto_increment primary key, `migration` varchar(255) not null, `batch` int not null) default character set utf8mb4 collate 'utf8mb4_unicode_ci') {"exception":"[object] (Illuminate\\Database\\QueryException(code: 42S01): SQLSTATE[42S01]: Base table or view already exists: 1050 Table 'migrations' already exists (SQL: create table `migrations` (`id` int unsigned not null auto_increment primary key, `migration` varchar(255) not null, `batch` int not null) default character set utf8mb4 collate 'utf8mb4_unicode_ci') at E:\\php\\jframework\\vendor\\illuminate\\database\\Connection.php:703)
[stacktrace]
#0 E:\\php\\jframework\\vendor\\illuminate\\database\\Connection.php(663): Illuminate\\Database\\Connection->runQueryCallback('create table `m...', Array, Object(Closure))
#1 E:\\php\\jframework\\vendor\\illuminate\\database\\Connection.php(493): Illuminate\\Database\\Connection->run('create table `m...', Array, Object(Closure))
#2 E:\\php\\jframework\\vendor\\illuminate\\database\\Schema\\Blueprint.php(109): Illuminate\\Database\\Connection->statement('create table `m...')
#3 E:\\php\\jframework\\vendor\\illuminate\\database\\Schema\\Builder.php(365): Illuminate\\Database\\Schema\\Blueprint->build(Object(Illuminate\\Database\\MySqlConnection), Object(Illuminate\\Database\\Schema\\Grammars\\MySqlGrammar))
#4 E:\\php\\jframework\\vendor\\illuminate\\database\\Schema\\Builder.php(228): Illuminate\\Database\\Schema\\Builder->build(Object(Illuminate\\Database\\Schema\\Blueprint))
#5 E:\\php\\jframework\\vendor\\illuminate\\database\\Migrations\\DatabaseMigrationRepository.php(157): Illuminate\\Database\\Schema\\Builder->create('migrations', Object(Closure))
#6 E:\\php\\jframework\\vendor\\illuminate\\database\\Console\\Migrations\\InstallCommand.php(54): Illuminate\\Database\\Migrations\\DatabaseMigrationRepository->createRepository()
#7 E:\\php\\jframework\\vendor\\illuminate\\container\\BoundMethod.php(36): Illuminate\\Database\\Console\\Migrations\\InstallCommand->handle()
#8 E:\\php\\jframework\\vendor\\illuminate\\container\\Util.php(40): Illuminate\\Container\\BoundMethod::Illuminate\\Container\\{closure}()
#9 E:\\php\\jframework\\vendor\\illuminate\\container\\BoundMethod.php(93): Illuminate\\Container\\Util::unwrapIfClosure(Object(Closure))
#10 E:\\php\\jframework\\vendor\\illuminate\\container\\BoundMethod.php(37): Illuminate\\Container\\BoundMethod::callBoundMethod(Object(Laravel\\Lumen\\Application), Array, Object(Closure))
#11 E:\\php\\jframework\\vendor\\illuminate\\container\\Container.php(653): Illuminate\\Container\\BoundMethod::call(Object(Laravel\\Lumen\\Application), Array, Array, NULL)
#12 E:\\php\\jframework\\vendor\\illuminate\\console\\Command.php(136): Illuminate\\Container\\Container->call(Array)
#13 E:\\php\\jframework\\vendor\\symfony\\console\\Command\\Command.php(298): Illuminate\\Console\\Command->execute(Object(Symfony\\Component\\Console\\Input\\ArgvInput), Object(Illuminate\\Console\\OutputStyle))
#14 E:\\php\\jframework\\vendor\\illuminate\\console\\Command.php(121): Symfony\\Component\\Console\\Command\\Command->run(Object(Symfony\\Component\\Console\\Input\\ArgvInput), Object(Illuminate\\Console\\OutputStyle))
#15 E:\\php\\jframework\\vendor\\symfony\\console\\Application.php(1005): Illuminate\\Console\\Command->run(Object(Symfony\\Component\\Console\\Input\\ArgvInput), Object(Symfony\\Component\\Console\\Output\\ConsoleOutput))
#16 E:\\php\\jframework\\vendor\\symfony\\console\\Application.php(299): Symfony\\Component\\Console\\Application->doRunCommand(Object(Illuminate\\Database\\Console\\Migrations\\InstallCommand), Object(Symfony\\Component\\Console\\Input\\ArgvInput), Object(Symfony\\Component\\Console\\Output\\ConsoleOutput))
#17 E:\\php\\jframework\\vendor\\symfony\\console\\Application.php(171): Symfony\\Component\\Console\\Application->doRun(Object(Symfony\\Component\\Console\\Input\\ArgvInput), Object(Symfony\\Component\\Console\\Output\\ConsoleOutput))
#18 E:\\php\\jframework\\vendor\\illuminate\\console\\Application.php(94): Symfony\\Component\\Console\\Application->run(Object(Symfony\\Component\\Console\\Input\\ArgvInput), Object(Symfony\\Component\\Console\\Output\\ConsoleOutput))
#19 E:\\php\\jframework\\jframework\\Lumen\\Console\\Kernel.php(101): Illuminate\\Console\\Application->run(Object(Symfony\\Component\\Console\\Input\\ArgvInput), Object(Symfony\\Component\\Console\\Output\\ConsoleOutput))
#20 E:\\php\\jframework\\artisan(35): Laravel\\Lumen\\Console\\Kernel->handle(Object(Symfony\\Component\\Console\\Input\\ArgvInput), Object(Symfony\\Component\\Console\\Output\\ConsoleOutput))
#21 {main}

[previous exception] [object] (PDOException(code: 42S01): SQLSTATE[42S01]: Base table or view already exists: 1050 Table 'migrations' already exists at E:\\php\\jframework\\vendor\\illuminate\\database\\Connection.php:492)
[stacktrace]
#0 E:\\php\\jframework\\vendor\\illuminate\\database\\Connection.php(492): PDOStatement->execute()
#1 E:\\php\\jframework\\vendor\\illuminate\\database\\Connection.php(696): Illuminate\\Database\\Connection->Illuminate\\Database\\{closure}('create table `m...', Array)
#2 E:\\php\\jframework\\vendor\\illuminate\\database\\Connection.php(663): Illuminate\\Database\\Connection->runQueryCallback('create table `m...', Array, Object(Closure))
#3 E:\\php\\jframework\\vendor\\illuminate\\database\\Connection.php(493): Illuminate\\Database\\Connection->run('create table `m...', Array, Object(Closure))
#4 E:\\php\\jframework\\vendor\\illuminate\\database\\Schema\\Blueprint.php(109): Illuminate\\Database\\Connection->statement('create table `m...')
#5 E:\\php\\jframework\\vendor\\illuminate\\database\\Schema\\Builder.php(365): Illuminate\\Database\\Schema\\Blueprint->build(Object(Illuminate\\Database\\MySqlConnection), Object(Illuminate\\Database\\Schema\\Grammars\\MySqlGrammar))
#6 E:\\php\\jframework\\vendor\\illuminate\\database\\Schema\\Builder.php(228): Illuminate\\Database\\Schema\\Builder->build(Object(Illuminate\\Database\\Schema\\Blueprint))
#7 E:\\php\\jframework\\vendor\\illuminate\\database\\Migrations\\DatabaseMigrationRepository.php(157): Illuminate\\Database\\Schema\\Builder->create('migrations', Object(Closure))
#8 E:\\php\\jframework\\vendor\\illuminate\\database\\Console\\Migrations\\InstallCommand.php(54): Illuminate\\Database\\Migrations\\DatabaseMigrationRepository->createRepository()
#9 E:\\php\\jframework\\vendor\\illuminate\\container\\BoundMethod.php(36): Illuminate\\Database\\Console\\Migrations\\InstallCommand->handle()
#10 E:\\php\\jframework\\vendor\\illuminate\\container\\Util.php(40): Illuminate\\Container\\BoundMethod::Illuminate\\Container\\{closure}()
#11 E:\\php\\jframework\\vendor\\illuminate\\container\\BoundMethod.php(93): Illuminate\\Container\\Util::unwrapIfClosure(Object(Closure))
#12 E:\\php\\jframework\\vendor\\illuminate\\container\\BoundMethod.php(37): Illuminate\\Container\\BoundMethod::callBoundMethod(Object(Laravel\\Lumen\\Application), Array, Object(Closure))
#13 E:\\php\\jframework\\vendor\\illuminate\\container\\Container.php(653): Illuminate\\Container\\BoundMethod::call(Object(Laravel\\Lumen\\Application), Array, Array, NULL)
#14 E:\\php\\jframework\\vendor\\illuminate\\console\\Command.php(136): Illuminate\\Container\\Container->call(Array)
#15 E:\\php\\jframework\\vendor\\symfony\\console\\Command\\Command.php(298): Illuminate\\Console\\Command->execute(Object(Symfony\\Component\\Console\\Input\\ArgvInput), Object(Illuminate\\Console\\OutputStyle))
#16 E:\\php\\jframework\\vendor\\illuminate\\console\\Command.php(121): Symfony\\Component\\Console\\Command\\Command->run(Object(Symfony\\Component\\Console\\Input\\ArgvInput), Object(Illuminate\\Console\\OutputStyle))
#17 E:\\php\\jframework\\vendor\\symfony\\console\\Application.php(1005): Illuminate\\Console\\Command->run(Object(Symfony\\Component\\Console\\Input\\ArgvInput), Object(Symfony\\Component\\Console\\Output\\ConsoleOutput))
#18 E:\\php\\jframework\\vendor\\symfony\\console\\Application.php(299): Symfony\\Component\\Console\\Application->doRunCommand(Object(Illuminate\\Database\\Console\\Migrations\\InstallCommand), Object(Symfony\\Component\\Console\\Input\\ArgvInput), Object(Symfony\\Component\\Console\\Output\\ConsoleOutput))
#19 E:\\php\\jframework\\vendor\\symfony\\console\\Application.php(171): Symfony\\Component\\Console\\Application->doRun(Object(Symfony\\Component\\Console\\Input\\ArgvInput), Object(Symfony\\Component\\Console\\Output\\ConsoleOutput))
#20 E:\\php\\jframework\\vendor\\illuminate\\console\\Application.php(94): Symfony\\Component\\Console\\Application->run(Object(Symfony\\Component\\Console\\Input\\ArgvInput), Object(Symfony\\Component\\Console\\Output\\ConsoleOutput))
#21 E:\\php\\jframework\\jframework\\Lumen\\Console\\Kernel.php(101): Illuminate\\Console\\Application->run(Object(Symfony\\Component\\Console\\Input\\ArgvInput), Object(Symfony\\Component\\Console\\Output\\ConsoleOutput))
#22 E:\\php\\jframework\\artisan(35): Laravel\\Lumen\\Console\\Kernel->handle(Object(Symfony\\Component\\Console\\Input\\ArgvInput), Object(Symfony\\Component\\Console\\Output\\ConsoleOutput))
#23 {main}
"} 
[2022-01-02 05:05:09] production.ERROR: SQLSTATE[42S22]: Column not found: 1054 Unknown column 'migration' in 'field list' (SQL: select `migration` from `migrations` order by `batch` asc, `migration` asc) {"exception":"[object] (Illuminate\\Database\\QueryException(code: 42S22): SQLSTATE[42S22]: Column not found: 1054 Unknown column 'migration' in 'field list' (SQL: select `migration` from `migrations` order by `batch` asc, `migration` asc) at E:\\php\\jframework\\vendor\\illuminate\\database\\Connection.php:703)
[stacktrace]
#0 E:\\php\\jframework\\vendor\\illuminate\\database\\Connection.php(663): Illuminate\\Database\\Connection->runQueryCallback('select `migrati...', Array, Object(Closure))
#1 E:\\php\\jframework\\vendor\\illuminate\\database\\Connection.php(367): Illuminate\\Database\\Connection->run('select `migrati...', Array, Object(Closure))
#2 E:\\php\\jframework\\vendor\\illuminate\\database\\Query\\Builder.php(2352): Illuminate\\Database\\Connection->select('select `migrati...', Array, false)
#3 E:\\php\\jframework\\vendor\\illuminate\\database\\Query\\Builder.php(2564): Illuminate\\Database\\Query\\Builder->runSelect()
#4 E:\\php\\jframework\\vendor\\illuminate\\database\\Query\\Builder.php(2874): Illuminate\\Database\\Query\\Builder->Illuminate\\Database\\Query\\{closure}()
#5 E:\\php\\jframework\\vendor\\illuminate\\database\\Query\\Builder.php(2566): Illuminate\\Database\\Query\\Builder->onceWithColumns(Array, Object(Closure))
#6 E:\\php\\jframework\\vendor\\illuminate\\database\\Migrations\\DatabaseMigrationRepository.php(53): Illuminate\\Database\\Query\\Builder->pluck('migration')
#7 E:\\php\\jframework\\vendor\\illuminate\\database\\Migrations\\Migrator.php(662): Illuminate\\Database\\Migrations\\DatabaseMigrationRepository->getRan()
#8 E:\\php\\jframework\\vendor\\illuminate\\database\\Console\\Migrations\\MigrateCommand.php(112): Illuminate\\Database\\Migrations\\Migrator->hasRunAnyMigrations()
#9 E:\\php\\jframework\\vendor\\illuminate\\database\\Console\\Migrations\\MigrateCommand.php(77): Illuminate\\Database\\Console\\Migrations\\MigrateCommand->prepareDatabase()
#10 E:\\php\\jframework\\vendor\\illuminate\\database\\Migrations\\Migrator.php(585): Illuminate\\Database\\Console\\Migrations\\MigrateCommand->Illuminate\\Database\\Console\\Migrations\\{closure}()
#11 E:\\php\\jframework\\vendor\\illuminate\\database\\Console\\Migrations\\MigrateCommand.php(94): Illuminate\\Database\\Migrations\\Migrator->usingConnection(NULL, Object(Closure))
#12 E:\\php\\jframework\\vendor\\illuminate\\container\\BoundMethod.php(36): Illuminate\\Database\\Console\\Migrations\\MigrateCommand->handle()
#13 E:\\php\\jframework\\vendor\\illuminate\\container\\Util.php(40): Illuminate\\Container\\BoundMethod::Illuminate\\Container\\{closure}()
#14 E:\\php\\jframework\\vendor\\illuminate\\container\\BoundMethod.php(93): Illuminate\\Container\\Util::unwrapIfClosure(Object(Closure))
#15 E:\\php\\jframework\\vendor\\illuminate\\container\\BoundMethod.php(37): Illuminate\\Container\\BoundMethod::callBoundMethod(Object(Laravel\\Lumen\\Application), Array, Object(Closure))
#16 E:\\php\\jframework\\vendor\\illuminate\\container\\Container.php(653): Illuminate\\Container\\BoundMethod::call(Object(Laravel\\Lumen\\Application), Array, Array, NULL)
#17 E:\\php\\jframework\\vendor\\illuminate\\console\\Command.php(136): Illuminate\\Container\\Container->call(Array)
#18 E:\\php\\jframework\\vendor\\symfony\\console\\Command\\Command.php(298): Illuminate\\Console\\Command->execute(Object(Symfony\\Component\\Console\\Input\\ArgvInput), Object(Illuminate\\Console\\OutputStyle))
#19 E:\\php\\jframework\\vendor\\illuminate\\console\\Command.php(121): Symfony\\Component\\Console\\Command\\Command->run(Object(Symfony\\Component\\Console\\Input\\ArgvInput), Object(Illuminate\\Console\\OutputStyle))
#20 E:\\php\\jframework\\vendor\\symfony\\console\\Application.php(1005): Illuminate\\Console\\Command->run(Object(Symfony\\Component\\Console\\Input\\ArgvInput), Object(Symfony\\Component\\Console\\Output\\ConsoleOutput))
#21 E:\\php\\jframework\\vendor\\symfony\\console\\Application.php(299): Symfony\\Component\\Console\\Application->doRunCommand(Object(Illuminate\\Database\\Console\\Migrations\\MigrateCommand), Object(Symfony\\Component\\Console\\Input\\ArgvInput), Object(Symfony\\Component\\Console\\Output\\ConsoleOutput))
#22 E:\\php\\jframework\\vendor\\symfony\\console\\Application.php(171): Symfony\\Component\\Console\\Application->doRun(Object(Symfony\\Component\\Console\\Input\\ArgvInput), Object(Symfony\\Component\\Console\\Output\\ConsoleOutput))
#23 E:\\php\\jframework\\vendor\\illuminate\\console\\Application.php(94): Symfony\\Component\\Console\\Application->run(Object(Symfony\\Component\\Console\\Input\\ArgvInput), Object(Symfony\\Component\\Console\\Output\\ConsoleOutput))
#24 E:\\php\\jframework\\jframework\\Lumen\\Console\\Kernel.php(101): Illuminate\\Console\\Application->run(Object(Symfony\\Component\\Console\\Input\\ArgvInput), Object(Symfony\\Component\\Console\\Output\\ConsoleOutput))
#25 E:\\php\\jframework\\artisan(35): Laravel\\Lumen\\Console\\Kernel->handle(Object(Symfony\\Component\\Console\\Input\\ArgvInput), Object(Symfony\\Component\\Console\\Output\\ConsoleOutput))
#26 {main}

[previous exception] [object] (PDOException(code: 42S22): SQLSTATE[42S22]: Column not found: 1054 Unknown column 'migration' in 'field list' at E:\\php\\jframework\\vendor\\illuminate\\database\\Connection.php:359)
[stacktrace]
#0 E:\\php\\jframework\\vendor\\illuminate\\database\\Connection.php(359): PDO->prepare('select `migrati...')
#1 E:\\php\\jframework\\vendor\\illuminate\\database\\Connection.php(696): Illuminate\\Database\\Connection->Illuminate\\Database\\{closure}('select `migrati...', Array)
#2 E:\\php\\jframework\\vendor\\illuminate\\database\\Connection.php(663): Illuminate\\Database\\Connection->runQueryCallback('select `migrati...', Array, Object(Closure))
#3 E:\\php\\jframework\\vendor\\illuminate\\database\\Connection.php(367): Illuminate\\Database\\Connection->run('select `migrati...', Array, Object(Closure))
#4 E:\\php\\jframework\\vendor\\illuminate\\database\\Query\\Builder.php(2352): Illuminate\\Database\\Connection->select('select `migrati...', Array, false)
#5 E:\\php\\jframework\\vendor\\illuminate\\database\\Query\\Builder.php(2564): Illuminate\\Database\\Query\\Builder->runSelect()
#6 E:\\php\\jframework\\vendor\\illuminate\\database\\Query\\Builder.php(2874): Illuminate\\Database\\Query\\Builder->Illuminate\\Database\\Query\\{closure}()
#7 E:\\php\\jframework\\vendor\\illuminate\\database\\Query\\Builder.php(2566): Illuminate\\Database\\Query\\Builder->onceWithColumns(Array, Object(Closure))
#8 E:\\php\\jframework\\vendor\\illuminate\\database\\Migrations\\DatabaseMigrationRepository.php(53): Illuminate\\Database\\Query\\Builder->pluck('migration')
#9 E:\\php\\jframework\\vendor\\illuminate\\database\\Migrations\\Migrator.php(662): Illuminate\\Database\\Migrations\\DatabaseMigrationRepository->getRan()
#10 E:\\php\\jframework\\vendor\\illuminate\\database\\Console\\Migrations\\MigrateCommand.php(112): Illuminate\\Database\\Migrations\\Migrator->hasRunAnyMigrations()
#11 E:\\php\\jframework\\vendor\\illuminate\\database\\Console\\Migrations\\MigrateCommand.php(77): Illuminate\\Database\\Console\\Migrations\\MigrateCommand->prepareDatabase()
#12 E:\\php\\jframework\\vendor\\illuminate\\database\\Migrations\\Migrator.php(585): Illuminate\\Database\\Console\\Migrations\\MigrateCommand->Illuminate\\Database\\Console\\Migrations\\{closure}()
#13 E:\\php\\jframework\\vendor\\illuminate\\database\\Console\\Migrations\\MigrateCommand.php(94): Illuminate\\Database\\Migrations\\Migrator->usingConnection(NULL, Object(Closure))
#14 E:\\php\\jframework\\vendor\\illuminate\\container\\BoundMethod.php(36): Illuminate\\Database\\Console\\Migrations\\MigrateCommand->handle()
#15 E:\\php\\jframework\\vendor\\illuminate\\container\\Util.php(40): Illuminate\\Container\\BoundMethod::Illuminate\\Container\\{closure}()
#16 E:\\php\\jframework\\vendor\\illuminate\\container\\BoundMethod.php(93): Illuminate\\Container\\Util::unwrapIfClosure(Object(Closure))
#17 E:\\php\\jframework\\vendor\\illuminate\\container\\BoundMethod.php(37): Illuminate\\Container\\BoundMethod::callBoundMethod(Object(Laravel\\Lumen\\Application), Array, Object(Closure))
#18 E:\\php\\jframework\\vendor\\illuminate\\container\\Container.php(653): Illuminate\\Container\\BoundMethod::call(Object(Laravel\\Lumen\\Application), Array, Array, NULL)
#19 E:\\php\\jframework\\vendor\\illuminate\\console\\Command.php(136): Illuminate\\Container\\Container->call(Array)
#20 E:\\php\\jframework\\vendor\\symfony\\console\\Command\\Command.php(298): Illuminate\\Console\\Command->execute(Object(Symfony\\Component\\Console\\Input\\ArgvInput), Object(Illuminate\\Console\\OutputStyle))
#21 E:\\php\\jframework\\vendor\\illuminate\\console\\Command.php(121): Symfony\\Component\\Console\\Command\\Command->run(Object(Symfony\\Component\\Console\\Input\\ArgvInput), Object(Illuminate\\Console\\OutputStyle))
#22 E:\\php\\jframework\\vendor\\symfony\\console\\Application.php(1005): Illuminate\\Console\\Command->run(Object(Symfony\\Component\\Console\\Input\\ArgvInput), Object(Symfony\\Component\\Console\\Output\\ConsoleOutput))
#23 E:\\php\\jframework\\vendor\\symfony\\console\\Application.php(299): Symfony\\Component\\Console\\Application->doRunCommand(Object(Illuminate\\Database\\Console\\Migrations\\MigrateCommand), Object(Symfony\\Component\\Console\\Input\\ArgvInput), Object(Symfony\\Component\\Console\\Output\\ConsoleOutput))
#24 E:\\php\\jframework\\vendor\\symfony\\console\\Application.php(171): Symfony\\Component\\Console\\Application->doRun(Object(Symfony\\Component\\Console\\Input\\ArgvInput), Object(Symfony\\Component\\Console\\Output\\ConsoleOutput))
#25 E:\\php\\jframework\\vendor\\illuminate\\console\\Application.php(94): Symfony\\Component\\Console\\Application->run(Object(Symfony\\Component\\Console\\Input\\ArgvInput), Object(Symfony\\Component\\Console\\Output\\ConsoleOutput))
#26 E:\\php\\jframework\\jframework\\Lumen\\Console\\Kernel.php(101): Illuminate\\Console\\Application->run(Object(Symfony\\Component\\Console\\Input\\ArgvInput), Object(Symfony\\Component\\Console\\Output\\ConsoleOutput))
#27 E:\\php\\jframework\\artisan(35): Laravel\\Lumen\\Console\\Kernel->handle(Object(Symfony\\Component\\Console\\Input\\ArgvInput), Object(Symfony\\Component\\Console\\Output\\ConsoleOutput))
#28 {main}
"} 
[2022-01-02 05:05:32] production.ERROR: SQLSTATE[42S01]: Base table or view already exists: 1050 Table 'migrations' already exists (SQL: create table `migrations` (`id` int unsigned not null auto_increment primary key, `migration` varchar(255) not null, `batch` int not null) default character set utf8mb4 collate 'utf8mb4_unicode_ci') {"exception":"[object] (Illuminate\\Database\\QueryException(code: 42S01): SQLSTATE[42S01]: Base table or view already exists: 1050 Table 'migrations' already exists (SQL: create table `migrations` (`id` int unsigned not null auto_increment primary key, `migration` varchar(255) not null, `batch` int not null) default character set utf8mb4 collate 'utf8mb4_unicode_ci') at E:\\php\\jframework\\vendor\\illuminate\\database\\Connection.php:703)
[stacktrace]
#0 E:\\php\\jframework\\vendor\\illuminate\\database\\Connection.php(663): Illuminate\\Database\\Connection->runQueryCallback('create table `m...', Array, Object(Closure))
#1 E:\\php\\jframework\\vendor\\illuminate\\database\\Connection.php(493): Illuminate\\Database\\Connection->run('create table `m...', Array, Object(Closure))
#2 E:\\php\\jframework\\vendor\\illuminate\\database\\Schema\\Blueprint.php(109): Illuminate\\Database\\Connection->statement('create table `m...')
#3 E:\\php\\jframework\\vendor\\illuminate\\database\\Schema\\Builder.php(365): Illuminate\\Database\\Schema\\Blueprint->build(Object(Illuminate\\Database\\MySqlConnection), Object(Illuminate\\Database\\Schema\\Grammars\\MySqlGrammar))
#4 E:\\php\\jframework\\vendor\\illuminate\\database\\Schema\\Builder.php(228): Illuminate\\Database\\Schema\\Builder->build(Object(Illuminate\\Database\\Schema\\Blueprint))
#5 E:\\php\\jframework\\vendor\\illuminate\\database\\Migrations\\DatabaseMigrationRepository.php(157): Illuminate\\Database\\Schema\\Builder->create('migrations', Object(Closure))
#6 E:\\php\\jframework\\vendor\\illuminate\\database\\Console\\Migrations\\InstallCommand.php(54): Illuminate\\Database\\Migrations\\DatabaseMigrationRepository->createRepository()
#7 E:\\php\\jframework\\vendor\\illuminate\\container\\BoundMethod.php(36): Illuminate\\Database\\Console\\Migrations\\InstallCommand->handle()
#8 E:\\php\\jframework\\vendor\\illuminate\\container\\Util.php(40): Illuminate\\Container\\BoundMethod::Illuminate\\Container\\{closure}()
#9 E:\\php\\jframework\\vendor\\illuminate\\container\\BoundMethod.php(93): Illuminate\\Container\\Util::unwrapIfClosure(Object(Closure))
#10 E:\\php\\jframework\\vendor\\illuminate\\container\\BoundMethod.php(37): Illuminate\\Container\\BoundMethod::callBoundMethod(Object(Laravel\\Lumen\\Application), Array, Object(Closure))
#11 E:\\php\\jframework\\vendor\\illuminate\\container\\Container.php(653): Illuminate\\Container\\BoundMethod::call(Object(Laravel\\Lumen\\Application), Array, Array, NULL)
#12 E:\\php\\jframework\\vendor\\illuminate\\console\\Command.php(136): Illuminate\\Container\\Container->call(Array)
#13 E:\\php\\jframework\\vendor\\symfony\\console\\Command\\Command.php(298): Illuminate\\Console\\Command->execute(Object(Symfony\\Component\\Console\\Input\\ArgvInput), Object(Illuminate\\Console\\OutputStyle))
#14 E:\\php\\jframework\\vendor\\illuminate\\console\\Command.php(121): Symfony\\Component\\Console\\Command\\Command->run(Object(Symfony\\Component\\Console\\Input\\ArgvInput), Object(Illuminate\\Console\\OutputStyle))
#15 E:\\php\\jframework\\vendor\\symfony\\console\\Application.php(1005): Illuminate\\Console\\Command->run(Object(Symfony\\Component\\Console\\Input\\ArgvInput), Object(Symfony\\Component\\Console\\Output\\ConsoleOutput))
#16 E:\\php\\jframework\\vendor\\symfony\\console\\Application.php(299): Symfony\\Component\\Console\\Application->doRunCommand(Object(Illuminate\\Database\\Console\\Migrations\\InstallCommand), Object(Symfony\\Component\\Console\\Input\\ArgvInput), Object(Symfony\\Component\\Console\\Output\\ConsoleOutput))
#17 E:\\php\\jframework\\vendor\\symfony\\console\\Application.php(171): Symfony\\Component\\Console\\Application->doRun(Object(Symfony\\Component\\Console\\Input\\ArgvInput), Object(Symfony\\Component\\Console\\Output\\ConsoleOutput))
#18 E:\\php\\jframework\\vendor\\illuminate\\console\\Application.php(94): Symfony\\Component\\Console\\Application->run(Object(Symfony\\Component\\Console\\Input\\ArgvInput), Object(Symfony\\Component\\Console\\Output\\ConsoleOutput))
#19 E:\\php\\jframework\\jframework\\Lumen\\Console\\Kernel.php(101): Illuminate\\Console\\Application->run(Object(Symfony\\Component\\Console\\Input\\ArgvInput), Object(Symfony\\Component\\Console\\Output\\ConsoleOutput))
#20 E:\\php\\jframework\\artisan(35): Laravel\\Lumen\\Console\\Kernel->handle(Object(Symfony\\Component\\Console\\Input\\ArgvInput), Object(Symfony\\Component\\Console\\Output\\ConsoleOutput))
#21 {main}

[previous exception] [object] (PDOException(code: 42S01): SQLSTATE[42S01]: Base table or view already exists: 1050 Table 'migrations' already exists at E:\\php\\jframework\\vendor\\illuminate\\database\\Connection.php:492)
[stacktrace]
#0 E:\\php\\jframework\\vendor\\illuminate\\database\\Connection.php(492): PDOStatement->execute()
#1 E:\\php\\jframework\\vendor\\illuminate\\database\\Connection.php(696): Illuminate\\Database\\Connection->Illuminate\\Database\\{closure}('create table `m...', Array)
#2 E:\\php\\jframework\\vendor\\illuminate\\database\\Connection.php(663): Illuminate\\Database\\Connection->runQueryCallback('create table `m...', Array, Object(Closure))
#3 E:\\php\\jframework\\vendor\\illuminate\\database\\Connection.php(493): Illuminate\\Database\\Connection->run('create table `m...', Array, Object(Closure))
#4 E:\\php\\jframework\\vendor\\illuminate\\database\\Schema\\Blueprint.php(109): Illuminate\\Database\\Connection->statement('create table `m...')
#5 E:\\php\\jframework\\vendor\\illuminate\\database\\Schema\\Builder.php(365): Illuminate\\Database\\Schema\\Blueprint->build(Object(Illuminate\\Database\\MySqlConnection), Object(Illuminate\\Database\\Schema\\Grammars\\MySqlGrammar))
#6 E:\\php\\jframework\\vendor\\illuminate\\database\\Schema\\Builder.php(228): Illuminate\\Database\\Schema\\Builder->build(Object(Illuminate\\Database\\Schema\\Blueprint))
#7 E:\\php\\jframework\\vendor\\illuminate\\database\\Migrations\\DatabaseMigrationRepository.php(157): Illuminate\\Database\\Schema\\Builder->create('migrations', Object(Closure))
#8 E:\\php\\jframework\\vendor\\illuminate\\database\\Console\\Migrations\\InstallCommand.php(54): Illuminate\\Database\\Migrations\\DatabaseMigrationRepository->createRepository()
#9 E:\\php\\jframework\\vendor\\illuminate\\container\\BoundMethod.php(36): Illuminate\\Database\\Console\\Migrations\\InstallCommand->handle()
#10 E:\\php\\jframework\\vendor\\illuminate\\container\\Util.php(40): Illuminate\\Container\\BoundMethod::Illuminate\\Container\\{closure}()
#11 E:\\php\\jframework\\vendor\\illuminate\\container\\BoundMethod.php(93): Illuminate\\Container\\Util::unwrapIfClosure(Object(Closure))
#12 E:\\php\\jframework\\vendor\\illuminate\\container\\BoundMethod.php(37): Illuminate\\Container\\BoundMethod::callBoundMethod(Object(Laravel\\Lumen\\Application), Array, Object(Closure))
#13 E:\\php\\jframework\\vendor\\illuminate\\container\\Container.php(653): Illuminate\\Container\\BoundMethod::call(Object(Laravel\\Lumen\\Application), Array, Array, NULL)
#14 E:\\php\\jframework\\vendor\\illuminate\\console\\Command.php(136): Illuminate\\Container\\Container->call(Array)
#15 E:\\php\\jframework\\vendor\\symfony\\console\\Command\\Command.php(298): Illuminate\\Console\\Command->execute(Object(Symfony\\Component\\Console\\Input\\ArgvInput), Object(Illuminate\\Console\\OutputStyle))
#16 E:\\php\\jframework\\vendor\\illuminate\\console\\Command.php(121): Symfony\\Component\\Console\\Command\\Command->run(Object(Symfony\\Component\\Console\\Input\\ArgvInput), Object(Illuminate\\Console\\OutputStyle))
#17 E:\\php\\jframework\\vendor\\symfony\\console\\Application.php(1005): Illuminate\\Console\\Command->run(Object(Symfony\\Component\\Console\\Input\\ArgvInput), Object(Symfony\\Component\\Console\\Output\\ConsoleOutput))
#18 E:\\php\\jframework\\vendor\\symfony\\console\\Application.php(299): Symfony\\Component\\Console\\Application->doRunCommand(Object(Illuminate\\Database\\Console\\Migrations\\InstallCommand), Object(Symfony\\Component\\Console\\Input\\ArgvInput), Object(Symfony\\Component\\Console\\Output\\ConsoleOutput))
#19 E:\\php\\jframework\\vendor\\symfony\\console\\Application.php(171): Symfony\\Component\\Console\\Application->doRun(Object(Symfony\\Component\\Console\\Input\\ArgvInput), Object(Symfony\\Component\\Console\\Output\\ConsoleOutput))
#20 E:\\php\\jframework\\vendor\\illuminate\\console\\Application.php(94): Symfony\\Component\\Console\\Application->run(Object(Symfony\\Component\\Console\\Input\\ArgvInput), Object(Symfony\\Component\\Console\\Output\\ConsoleOutput))
#21 E:\\php\\jframework\\jframework\\Lumen\\Console\\Kernel.php(101): Illuminate\\Console\\Application->run(Object(Symfony\\Component\\Console\\Input\\ArgvInput), Object(Symfony\\Component\\Console\\Output\\ConsoleOutput))
#22 E:\\php\\jframework\\artisan(35): Laravel\\Lumen\\Console\\Kernel->handle(Object(Symfony\\Component\\Console\\Input\\ArgvInput), Object(Symfony\\Component\\Console\\Output\\ConsoleOutput))
#23 {main}
"} 
